Determining if the pthread_create exist failed with the following output:
Change Dir: /home/mohamed/tiago_public_ws/build/gazebo_plugins/CMakeFiles/CMakeTmp

Run Build Command:"/usr/bin/make" "cmTC_9bfa9/fast"
/usr/bin/make -f CMakeFiles/cmTC_9bfa9.dir/build.make CMakeFiles/cmTC_9bfa9.dir/build
make[1]: Entering directory '/home/mohamed/tiago_public_ws/build/gazebo_plugins/CMakeFiles/CMakeTmp'
Building C object CMakeFiles/cmTC_9bfa9.dir/CheckSymbolExists.c.o
/usr/lib/ccache/cc     -o CMakeFiles/cmTC_9bfa9.dir/CheckSymbolExists.c.o   -c /home/mohamed/tiago_public_ws/build/gazebo_plugins/CMakeFiles/CMakeTmp/CheckSymbolExists.c
Linking C executable cmTC_9bfa9
/usr/bin/cmake -E cmake_link_script CMakeFiles/cmTC_9bfa9.dir/link.txt --verbose=1
/usr/lib/ccache/cc       CMakeFiles/cmTC_9bfa9.dir/CheckSymbolExists.c.o  -o cmTC_9bfa9 -rdynamic 
CMakeFiles/cmTC_9bfa9.dir/CheckSymbolExists.c.o: In function `main':
CheckSymbolExists.c:(.text+0x16): undefined reference to `pthread_create'
collect2: error: ld returned 1 exit status
CMakeFiles/cmTC_9bfa9.dir/build.make:97: recipe for target 'cmTC_9bfa9' failed
make[1]: *** [cmTC_9bfa9] Error 1
make[1]: Leaving directory '/home/mohamed/tiago_public_ws/build/gazebo_plugins/CMakeFiles/CMakeTmp'
Makefile:126: recipe for target 'cmTC_9bfa9/fast' failed
make: *** [cmTC_9bfa9/fast] Error 2

File /home/mohamed/tiago_public_ws/build/gazebo_plugins/CMakeFiles/CMakeTmp/CheckSymbolExists.c:
/* */
#include <pthread.h>

int main(int argc, char** argv)
{
  (void)argv;
#ifndef pthread_create
  return ((int*)(&pthread_create))[argc];
#else
  (void)argc;
  return 0;
#endif
}

Determining if the function pthread_create exists in the pthreads failed with the following output:
Change Dir: /home/mohamed/tiago_public_ws/build/gazebo_plugins/CMakeFiles/CMakeTmp

Run Build Command:"/usr/bin/make" "cmTC_e7601/fast"
/usr/bin/make -f CMakeFiles/cmTC_e7601.dir/build.make CMakeFiles/cmTC_e7601.dir/build
make[1]: Entering directory '/home/mohamed/tiago_public_ws/build/gazebo_plugins/CMakeFiles/CMakeTmp'
Building C object CMakeFiles/cmTC_e7601.dir/CheckFunctionExists.c.o
/usr/lib/ccache/cc    -DCHECK_FUNCTION_EXISTS=pthread_create   -o CMakeFiles/cmTC_e7601.dir/CheckFunctionExists.c.o   -c /usr/share/cmake-3.5/Modules/CheckFunctionExists.c
Linking C executable cmTC_e7601
/usr/bin/cmake -E cmake_link_script CMakeFiles/cmTC_e7601.dir/link.txt --verbose=1
/usr/lib/ccache/cc   -DCHECK_FUNCTION_EXISTS=pthread_create    CMakeFiles/cmTC_e7601.dir/CheckFunctionExists.c.o  -o cmTC_e7601 -rdynamic -lpthreads 
/usr/bin/ld: cannot find -lpthreads
collect2: error: ld returned 1 exit status
CMakeFiles/cmTC_e7601.dir/build.make:97: recipe for target 'cmTC_e7601' failed
make[1]: *** [cmTC_e7601] Error 1
make[1]: Leaving directory '/home/mohamed/tiago_public_ws/build/gazebo_plugins/CMakeFiles/CMakeTmp'
Makefile:126: recipe for target 'cmTC_e7601/fast' failed
make: *** [cmTC_e7601/fast] Error 2


