Linked: (/home/mohamed/tiago_public_ws/devel/.private/pal_behaviour_msgs/lib/pkgconfig/pal_behaviour_msgs.pc, /home/mohamed/tiago_public_ws/devel/lib/pkgconfig/pal_behaviour_msgs.pc)
Linked: (/home/mohamed/tiago_public_ws/devel/.private/pal_behaviour_msgs/lib/python2.7/dist-packages/pal_behaviour_msgs/__init__.py, /home/mohamed/tiago_public_ws/devel/lib/python2.7/dist-packages/pal_behaviour_msgs/__init__.py)
Linked: (/home/mohamed/tiago_public_ws/devel/.private/pal_behaviour_msgs/lib/python2.7/dist-packages/pal_behaviour_msgs/msg/_BehaviourTaskFeedback.py, /home/mohamed/tiago_public_ws/devel/lib/python2.7/dist-packages/pal_behaviour_msgs/msg/_BehaviourTaskFeedback.py)
Linked: (/home/mohamed/tiago_public_ws/devel/.private/pal_behaviour_msgs/lib/python2.7/dist-packages/pal_behaviour_msgs/msg/_PresentationGoal.py, /home/mohamed/tiago_public_ws/devel/lib/python2.7/dist-packages/pal_behaviour_msgs/msg/_PresentationGoal.py)
Linked: (/home/mohamed/tiago_public_ws/devel/.private/pal_behaviour_msgs/lib/python2.7/dist-packages/pal_behaviour_msgs/msg/_BehaviourTaskActionGoal.py, /home/mohamed/tiago_public_ws/devel/lib/python2.7/dist-packages/pal_behaviour_msgs/msg/_BehaviourTaskActionGoal.py)
Linked: (/home/mohamed/tiago_public_ws/devel/.private/pal_behaviour_msgs/lib/python2.7/dist-packages/pal_behaviour_msgs/msg/_BehaviourArgument.py, /home/mohamed/tiago_public_ws/devel/lib/python2.7/dist-packages/pal_behaviour_msgs/msg/_BehaviourArgument.py)
Linked: (/home/mohamed/tiago_public_ws/devel/.private/pal_behaviour_msgs/lib/python2.7/dist-packages/pal_behaviour_msgs/msg/_PresentationAction.py, /home/mohamed/tiago_public_ws/devel/lib/python2.7/dist-packages/pal_behaviour_msgs/msg/_PresentationAction.py)
Linked: (/home/mohamed/tiago_public_ws/devel/.private/pal_behaviour_msgs/lib/python2.7/dist-packages/pal_behaviour_msgs/msg/_BehaviourTaskActionFeedback.py, /home/mohamed/tiago_public_ws/devel/lib/python2.7/dist-packages/pal_behaviour_msgs/msg/_BehaviourTaskActionFeedback.py)
Linked: (/home/mohamed/tiago_public_ws/devel/.private/pal_behaviour_msgs/lib/python2.7/dist-packages/pal_behaviour_msgs/msg/_BehaviourTaskActionResult.py, /home/mohamed/tiago_public_ws/devel/lib/python2.7/dist-packages/pal_behaviour_msgs/msg/_BehaviourTaskActionResult.py)
Linked: (/home/mohamed/tiago_public_ws/devel/.private/pal_behaviour_msgs/lib/python2.7/dist-packages/pal_behaviour_msgs/msg/_BehaviourTaskAction.py, /home/mohamed/tiago_public_ws/devel/lib/python2.7/dist-packages/pal_behaviour_msgs/msg/_BehaviourTaskAction.py)
Linked: (/home/mohamed/tiago_public_ws/devel/.private/pal_behaviour_msgs/lib/python2.7/dist-packages/pal_behaviour_msgs/msg/_PresentationActionResult.py, /home/mohamed/tiago_public_ws/devel/lib/python2.7/dist-packages/pal_behaviour_msgs/msg/_PresentationActionResult.py)
Linked: (/home/mohamed/tiago_public_ws/devel/.private/pal_behaviour_msgs/lib/python2.7/dist-packages/pal_behaviour_msgs/msg/_PresentationFeedback.py, /home/mohamed/tiago_public_ws/devel/lib/python2.7/dist-packages/pal_behaviour_msgs/msg/_PresentationFeedback.py)
Linked: (/home/mohamed/tiago_public_ws/devel/.private/pal_behaviour_msgs/lib/python2.7/dist-packages/pal_behaviour_msgs/msg/__init__.py, /home/mohamed/tiago_public_ws/devel/lib/python2.7/dist-packages/pal_behaviour_msgs/msg/__init__.py)
Linked: (/home/mohamed/tiago_public_ws/devel/.private/pal_behaviour_msgs/lib/python2.7/dist-packages/pal_behaviour_msgs/msg/_PresentationActionGoal.py, /home/mohamed/tiago_public_ws/devel/lib/python2.7/dist-packages/pal_behaviour_msgs/msg/_PresentationActionGoal.py)
Linked: (/home/mohamed/tiago_public_ws/devel/.private/pal_behaviour_msgs/lib/python2.7/dist-packages/pal_behaviour_msgs/msg/_BehaviourTaskResult.py, /home/mohamed/tiago_public_ws/devel/lib/python2.7/dist-packages/pal_behaviour_msgs/msg/_BehaviourTaskResult.py)
Linked: (/home/mohamed/tiago_public_ws/devel/.private/pal_behaviour_msgs/lib/python2.7/dist-packages/pal_behaviour_msgs/msg/_BehaviourTaskGoal.py, /home/mohamed/tiago_public_ws/devel/lib/python2.7/dist-packages/pal_behaviour_msgs/msg/_BehaviourTaskGoal.py)
Linked: (/home/mohamed/tiago_public_ws/devel/.private/pal_behaviour_msgs/lib/python2.7/dist-packages/pal_behaviour_msgs/msg/_PresentationResult.py, /home/mohamed/tiago_public_ws/devel/lib/python2.7/dist-packages/pal_behaviour_msgs/msg/_PresentationResult.py)
Linked: (/home/mohamed/tiago_public_ws/devel/.private/pal_behaviour_msgs/lib/python2.7/dist-packages/pal_behaviour_msgs/msg/_PresentationActionFeedback.py, /home/mohamed/tiago_public_ws/devel/lib/python2.7/dist-packages/pal_behaviour_msgs/msg/_PresentationActionFeedback.py)
Linked: (/home/mohamed/tiago_public_ws/devel/.private/pal_behaviour_msgs/lib/python2.7/dist-packages/pal_behaviour_msgs/srv/_BehaviourEvent.py, /home/mohamed/tiago_public_ws/devel/lib/python2.7/dist-packages/pal_behaviour_msgs/srv/_BehaviourEvent.py)
Linked: (/home/mohamed/tiago_public_ws/devel/.private/pal_behaviour_msgs/lib/python2.7/dist-packages/pal_behaviour_msgs/srv/__init__.py, /home/mohamed/tiago_public_ws/devel/lib/python2.7/dist-packages/pal_behaviour_msgs/srv/__init__.py)
Linked: (/home/mohamed/tiago_public_ws/devel/.private/pal_behaviour_msgs/share/common-lisp/ros/pal_behaviour_msgs/msg/PresentationFeedback.lisp, /home/mohamed/tiago_public_ws/devel/share/common-lisp/ros/pal_behaviour_msgs/msg/PresentationFeedback.lisp)
Linked: (/home/mohamed/tiago_public_ws/devel/.private/pal_behaviour_msgs/share/common-lisp/ros/pal_behaviour_msgs/msg/_package_BehaviourTaskActionResult.lisp, /home/mohamed/tiago_public_ws/devel/share/common-lisp/ros/pal_behaviour_msgs/msg/_package_BehaviourTaskActionResult.lisp)
Linked: (/home/mohamed/tiago_public_ws/devel/.private/pal_behaviour_msgs/share/common-lisp/ros/pal_behaviour_msgs/msg/PresentationActionFeedback.lisp, /home/mohamed/tiago_public_ws/devel/share/common-lisp/ros/pal_behaviour_msgs/msg/PresentationActionFeedback.lisp)
Linked: (/home/mohamed/tiago_public_ws/devel/.private/pal_behaviour_msgs/share/common-lisp/ros/pal_behaviour_msgs/msg/_package_PresentationGoal.lisp, /home/mohamed/tiago_public_ws/devel/share/common-lisp/ros/pal_behaviour_msgs/msg/_package_PresentationGoal.lisp)
Linked: (/home/mohamed/tiago_public_ws/devel/.private/pal_behaviour_msgs/share/common-lisp/ros/pal_behaviour_msgs/msg/BehaviourTaskActionGoal.lisp, /home/mohamed/tiago_public_ws/devel/share/common-lisp/ros/pal_behaviour_msgs/msg/BehaviourTaskActionGoal.lisp)
Linked: (/home/mohamed/tiago_public_ws/devel/.private/pal_behaviour_msgs/share/common-lisp/ros/pal_behaviour_msgs/msg/BehaviourTaskResult.lisp, /home/mohamed/tiago_public_ws/devel/share/common-lisp/ros/pal_behaviour_msgs/msg/BehaviourTaskResult.lisp)
Linked: (/home/mohamed/tiago_public_ws/devel/.private/pal_behaviour_msgs/share/common-lisp/ros/pal_behaviour_msgs/msg/pal_behaviour_msgs-msg.asd, /home/mohamed/tiago_public_ws/devel/share/common-lisp/ros/pal_behaviour_msgs/msg/pal_behaviour_msgs-msg.asd)
Linked: (/home/mohamed/tiago_public_ws/devel/.private/pal_behaviour_msgs/share/common-lisp/ros/pal_behaviour_msgs/msg/BehaviourTaskActionResult.lisp, /home/mohamed/tiago_public_ws/devel/share/common-lisp/ros/pal_behaviour_msgs/msg/BehaviourTaskActionResult.lisp)
Linked: (/home/mohamed/tiago_public_ws/devel/.private/pal_behaviour_msgs/share/common-lisp/ros/pal_behaviour_msgs/msg/BehaviourTaskGoal.lisp, /home/mohamed/tiago_public_ws/devel/share/common-lisp/ros/pal_behaviour_msgs/msg/BehaviourTaskGoal.lisp)
Linked: (/home/mohamed/tiago_public_ws/devel/.private/pal_behaviour_msgs/share/common-lisp/ros/pal_behaviour_msgs/msg/PresentationActionGoal.lisp, /home/mohamed/tiago_public_ws/devel/share/common-lisp/ros/pal_behaviour_msgs/msg/PresentationActionGoal.lisp)
Linked: (/home/mohamed/tiago_public_ws/devel/.private/pal_behaviour_msgs/share/common-lisp/ros/pal_behaviour_msgs/msg/_package_BehaviourArgument.lisp, /home/mohamed/tiago_public_ws/devel/share/common-lisp/ros/pal_behaviour_msgs/msg/_package_BehaviourArgument.lisp)
Linked: (/home/mohamed/tiago_public_ws/devel/.private/pal_behaviour_msgs/share/common-lisp/ros/pal_behaviour_msgs/msg/_package.lisp, /home/mohamed/tiago_public_ws/devel/share/common-lisp/ros/pal_behaviour_msgs/msg/_package.lisp)
Linked: (/home/mohamed/tiago_public_ws/devel/.private/pal_behaviour_msgs/share/common-lisp/ros/pal_behaviour_msgs/msg/PresentationAction.lisp, /home/mohamed/tiago_public_ws/devel/share/common-lisp/ros/pal_behaviour_msgs/msg/PresentationAction.lisp)
Linked: (/home/mohamed/tiago_public_ws/devel/.private/pal_behaviour_msgs/share/common-lisp/ros/pal_behaviour_msgs/msg/PresentationActionResult.lisp, /home/mohamed/tiago_public_ws/devel/share/common-lisp/ros/pal_behaviour_msgs/msg/PresentationActionResult.lisp)
Linked: (/home/mohamed/tiago_public_ws/devel/.private/pal_behaviour_msgs/share/common-lisp/ros/pal_behaviour_msgs/msg/_package_BehaviourTaskAction.lisp, /home/mohamed/tiago_public_ws/devel/share/common-lisp/ros/pal_behaviour_msgs/msg/_package_BehaviourTaskAction.lisp)
Linked: (/home/mohamed/tiago_public_ws/devel/.private/pal_behaviour_msgs/share/common-lisp/ros/pal_behaviour_msgs/msg/_package_PresentationActionGoal.lisp, /home/mohamed/tiago_public_ws/devel/share/common-lisp/ros/pal_behaviour_msgs/msg/_package_PresentationActionGoal.lisp)
Linked: (/home/mohamed/tiago_public_ws/devel/.private/pal_behaviour_msgs/share/common-lisp/ros/pal_behaviour_msgs/msg/_package_PresentationResult.lisp, /home/mohamed/tiago_public_ws/devel/share/common-lisp/ros/pal_behaviour_msgs/msg/_package_PresentationResult.lisp)
Linked: (/home/mohamed/tiago_public_ws/devel/.private/pal_behaviour_msgs/share/common-lisp/ros/pal_behaviour_msgs/msg/_package_BehaviourTaskFeedback.lisp, /home/mohamed/tiago_public_ws/devel/share/common-lisp/ros/pal_behaviour_msgs/msg/_package_BehaviourTaskFeedback.lisp)
Linked: (/home/mohamed/tiago_public_ws/devel/.private/pal_behaviour_msgs/share/common-lisp/ros/pal_behaviour_msgs/msg/PresentationResult.lisp, /home/mohamed/tiago_public_ws/devel/share/common-lisp/ros/pal_behaviour_msgs/msg/PresentationResult.lisp)
Linked: (/home/mohamed/tiago_public_ws/devel/.private/pal_behaviour_msgs/share/common-lisp/ros/pal_behaviour_msgs/msg/_package_BehaviourTaskResult.lisp, /home/mohamed/tiago_public_ws/devel/share/common-lisp/ros/pal_behaviour_msgs/msg/_package_BehaviourTaskResult.lisp)
Linked: (/home/mohamed/tiago_public_ws/devel/.private/pal_behaviour_msgs/share/common-lisp/ros/pal_behaviour_msgs/msg/BehaviourTaskActionFeedback.lisp, /home/mohamed/tiago_public_ws/devel/share/common-lisp/ros/pal_behaviour_msgs/msg/BehaviourTaskActionFeedback.lisp)
Linked: (/home/mohamed/tiago_public_ws/devel/.private/pal_behaviour_msgs/share/common-lisp/ros/pal_behaviour_msgs/msg/_package_BehaviourTaskActionFeedback.lisp, /home/mohamed/tiago_public_ws/devel/share/common-lisp/ros/pal_behaviour_msgs/msg/_package_BehaviourTaskActionFeedback.lisp)
Linked: (/home/mohamed/tiago_public_ws/devel/.private/pal_behaviour_msgs/share/common-lisp/ros/pal_behaviour_msgs/msg/_package_PresentationActionFeedback.lisp, /home/mohamed/tiago_public_ws/devel/share/common-lisp/ros/pal_behaviour_msgs/msg/_package_PresentationActionFeedback.lisp)
Linked: (/home/mohamed/tiago_public_ws/devel/.private/pal_behaviour_msgs/share/common-lisp/ros/pal_behaviour_msgs/msg/PresentationGoal.lisp, /home/mohamed/tiago_public_ws/devel/share/common-lisp/ros/pal_behaviour_msgs/msg/PresentationGoal.lisp)
Linked: (/home/mohamed/tiago_public_ws/devel/.private/pal_behaviour_msgs/share/common-lisp/ros/pal_behaviour_msgs/msg/BehaviourTaskFeedback.lisp, /home/mohamed/tiago_public_ws/devel/share/common-lisp/ros/pal_behaviour_msgs/msg/BehaviourTaskFeedback.lisp)
Linked: (/home/mohamed/tiago_public_ws/devel/.private/pal_behaviour_msgs/share/common-lisp/ros/pal_behaviour_msgs/msg/BehaviourArgument.lisp, /home/mohamed/tiago_public_ws/devel/share/common-lisp/ros/pal_behaviour_msgs/msg/BehaviourArgument.lisp)
Linked: (/home/mohamed/tiago_public_ws/devel/.private/pal_behaviour_msgs/share/common-lisp/ros/pal_behaviour_msgs/msg/_package_PresentationFeedback.lisp, /home/mohamed/tiago_public_ws/devel/share/common-lisp/ros/pal_behaviour_msgs/msg/_package_PresentationFeedback.lisp)
Linked: (/home/mohamed/tiago_public_ws/devel/.private/pal_behaviour_msgs/share/common-lisp/ros/pal_behaviour_msgs/msg/_package_PresentationAction.lisp, /home/mohamed/tiago_public_ws/devel/share/common-lisp/ros/pal_behaviour_msgs/msg/_package_PresentationAction.lisp)
Linked: (/home/mohamed/tiago_public_ws/devel/.private/pal_behaviour_msgs/share/common-lisp/ros/pal_behaviour_msgs/msg/BehaviourTaskAction.lisp, /home/mohamed/tiago_public_ws/devel/share/common-lisp/ros/pal_behaviour_msgs/msg/BehaviourTaskAction.lisp)
Linked: (/home/mohamed/tiago_public_ws/devel/.private/pal_behaviour_msgs/share/common-lisp/ros/pal_behaviour_msgs/msg/_package_PresentationActionResult.lisp, /home/mohamed/tiago_public_ws/devel/share/common-lisp/ros/pal_behaviour_msgs/msg/_package_PresentationActionResult.lisp)
Linked: (/home/mohamed/tiago_public_ws/devel/.private/pal_behaviour_msgs/share/common-lisp/ros/pal_behaviour_msgs/msg/_package_BehaviourTaskGoal.lisp, /home/mohamed/tiago_public_ws/devel/share/common-lisp/ros/pal_behaviour_msgs/msg/_package_BehaviourTaskGoal.lisp)
Linked: (/home/mohamed/tiago_public_ws/devel/.private/pal_behaviour_msgs/share/common-lisp/ros/pal_behaviour_msgs/msg/_package_BehaviourTaskActionGoal.lisp, /home/mohamed/tiago_public_ws/devel/share/common-lisp/ros/pal_behaviour_msgs/msg/_package_BehaviourTaskActionGoal.lisp)
Linked: (/home/mohamed/tiago_public_ws/devel/.private/pal_behaviour_msgs/share/common-lisp/ros/pal_behaviour_msgs/srv/_package_BehaviourEvent.lisp, /home/mohamed/tiago_public_ws/devel/share/common-lisp/ros/pal_behaviour_msgs/srv/_package_BehaviourEvent.lisp)
Linked: (/home/mohamed/tiago_public_ws/devel/.private/pal_behaviour_msgs/share/common-lisp/ros/pal_behaviour_msgs/srv/_package.lisp, /home/mohamed/tiago_public_ws/devel/share/common-lisp/ros/pal_behaviour_msgs/srv/_package.lisp)
Linked: (/home/mohamed/tiago_public_ws/devel/.private/pal_behaviour_msgs/share/common-lisp/ros/pal_behaviour_msgs/srv/BehaviourEvent.lisp, /home/mohamed/tiago_public_ws/devel/share/common-lisp/ros/pal_behaviour_msgs/srv/BehaviourEvent.lisp)
Linked: (/home/mohamed/tiago_public_ws/devel/.private/pal_behaviour_msgs/share/common-lisp/ros/pal_behaviour_msgs/srv/pal_behaviour_msgs-srv.asd, /home/mohamed/tiago_public_ws/devel/share/common-lisp/ros/pal_behaviour_msgs/srv/pal_behaviour_msgs-srv.asd)
Linked: (/home/mohamed/tiago_public_ws/devel/.private/pal_behaviour_msgs/share/gennodejs/ros/pal_behaviour_msgs/_index.js, /home/mohamed/tiago_public_ws/devel/share/gennodejs/ros/pal_behaviour_msgs/_index.js)
Linked: (/home/mohamed/tiago_public_ws/devel/.private/pal_behaviour_msgs/share/gennodejs/ros/pal_behaviour_msgs/msg/BehaviourTaskGoal.js, /home/mohamed/tiago_public_ws/devel/share/gennodejs/ros/pal_behaviour_msgs/msg/BehaviourTaskGoal.js)
Linked: (/home/mohamed/tiago_public_ws/devel/.private/pal_behaviour_msgs/share/gennodejs/ros/pal_behaviour_msgs/msg/PresentationGoal.js, /home/mohamed/tiago_public_ws/devel/share/gennodejs/ros/pal_behaviour_msgs/msg/PresentationGoal.js)
Linked: (/home/mohamed/tiago_public_ws/devel/.private/pal_behaviour_msgs/share/gennodejs/ros/pal_behaviour_msgs/msg/BehaviourArgument.js, /home/mohamed/tiago_public_ws/devel/share/gennodejs/ros/pal_behaviour_msgs/msg/BehaviourArgument.js)
Linked: (/home/mohamed/tiago_public_ws/devel/.private/pal_behaviour_msgs/share/gennodejs/ros/pal_behaviour_msgs/msg/BehaviourTaskActionResult.js, /home/mohamed/tiago_public_ws/devel/share/gennodejs/ros/pal_behaviour_msgs/msg/BehaviourTaskActionResult.js)
Linked: (/home/mohamed/tiago_public_ws/devel/.private/pal_behaviour_msgs/share/gennodejs/ros/pal_behaviour_msgs/msg/BehaviourTaskFeedback.js, /home/mohamed/tiago_public_ws/devel/share/gennodejs/ros/pal_behaviour_msgs/msg/BehaviourTaskFeedback.js)
Linked: (/home/mohamed/tiago_public_ws/devel/.private/pal_behaviour_msgs/share/gennodejs/ros/pal_behaviour_msgs/msg/BehaviourTaskActionFeedback.js, /home/mohamed/tiago_public_ws/devel/share/gennodejs/ros/pal_behaviour_msgs/msg/BehaviourTaskActionFeedback.js)
Linked: (/home/mohamed/tiago_public_ws/devel/.private/pal_behaviour_msgs/share/gennodejs/ros/pal_behaviour_msgs/msg/BehaviourTaskActionGoal.js, /home/mohamed/tiago_public_ws/devel/share/gennodejs/ros/pal_behaviour_msgs/msg/BehaviourTaskActionGoal.js)
Linked: (/home/mohamed/tiago_public_ws/devel/.private/pal_behaviour_msgs/share/gennodejs/ros/pal_behaviour_msgs/msg/PresentationActionGoal.js, /home/mohamed/tiago_public_ws/devel/share/gennodejs/ros/pal_behaviour_msgs/msg/PresentationActionGoal.js)
Linked: (/home/mohamed/tiago_public_ws/devel/.private/pal_behaviour_msgs/share/gennodejs/ros/pal_behaviour_msgs/msg/PresentationActionResult.js, /home/mohamed/tiago_public_ws/devel/share/gennodejs/ros/pal_behaviour_msgs/msg/PresentationActionResult.js)
Linked: (/home/mohamed/tiago_public_ws/devel/.private/pal_behaviour_msgs/share/gennodejs/ros/pal_behaviour_msgs/msg/PresentationAction.js, /home/mohamed/tiago_public_ws/devel/share/gennodejs/ros/pal_behaviour_msgs/msg/PresentationAction.js)
Linked: (/home/mohamed/tiago_public_ws/devel/.private/pal_behaviour_msgs/share/gennodejs/ros/pal_behaviour_msgs/msg/PresentationActionFeedback.js, /home/mohamed/tiago_public_ws/devel/share/gennodejs/ros/pal_behaviour_msgs/msg/PresentationActionFeedback.js)
Linked: (/home/mohamed/tiago_public_ws/devel/.private/pal_behaviour_msgs/share/gennodejs/ros/pal_behaviour_msgs/msg/PresentationResult.js, /home/mohamed/tiago_public_ws/devel/share/gennodejs/ros/pal_behaviour_msgs/msg/PresentationResult.js)
Linked: (/home/mohamed/tiago_public_ws/devel/.private/pal_behaviour_msgs/share/gennodejs/ros/pal_behaviour_msgs/msg/_index.js, /home/mohamed/tiago_public_ws/devel/share/gennodejs/ros/pal_behaviour_msgs/msg/_index.js)
Linked: (/home/mohamed/tiago_public_ws/devel/.private/pal_behaviour_msgs/share/gennodejs/ros/pal_behaviour_msgs/msg/BehaviourTaskAction.js, /home/mohamed/tiago_public_ws/devel/share/gennodejs/ros/pal_behaviour_msgs/msg/BehaviourTaskAction.js)
Linked: (/home/mohamed/tiago_public_ws/devel/.private/pal_behaviour_msgs/share/gennodejs/ros/pal_behaviour_msgs/msg/PresentationFeedback.js, /home/mohamed/tiago_public_ws/devel/share/gennodejs/ros/pal_behaviour_msgs/msg/PresentationFeedback.js)
Linked: (/home/mohamed/tiago_public_ws/devel/.private/pal_behaviour_msgs/share/gennodejs/ros/pal_behaviour_msgs/msg/BehaviourTaskResult.js, /home/mohamed/tiago_public_ws/devel/share/gennodejs/ros/pal_behaviour_msgs/msg/BehaviourTaskResult.js)
Linked: (/home/mohamed/tiago_public_ws/devel/.private/pal_behaviour_msgs/share/gennodejs/ros/pal_behaviour_msgs/srv/BehaviourEvent.js, /home/mohamed/tiago_public_ws/devel/share/gennodejs/ros/pal_behaviour_msgs/srv/BehaviourEvent.js)
Linked: (/home/mohamed/tiago_public_ws/devel/.private/pal_behaviour_msgs/share/gennodejs/ros/pal_behaviour_msgs/srv/_index.js, /home/mohamed/tiago_public_ws/devel/share/gennodejs/ros/pal_behaviour_msgs/srv/_index.js)
Linked: (/home/mohamed/tiago_public_ws/devel/.private/pal_behaviour_msgs/share/pal_behaviour_msgs/cmake/pal_behaviour_msgsConfig-version.cmake, /home/mohamed/tiago_public_ws/devel/share/pal_behaviour_msgs/cmake/pal_behaviour_msgsConfig-version.cmake)
Linked: (/home/mohamed/tiago_public_ws/devel/.private/pal_behaviour_msgs/share/pal_behaviour_msgs/cmake/pal_behaviour_msgs-msg-paths.cmake, /home/mohamed/tiago_public_ws/devel/share/pal_behaviour_msgs/cmake/pal_behaviour_msgs-msg-paths.cmake)
Linked: (/home/mohamed/tiago_public_ws/devel/.private/pal_behaviour_msgs/share/pal_behaviour_msgs/cmake/pal_behaviour_msgsConfig.cmake, /home/mohamed/tiago_public_ws/devel/share/pal_behaviour_msgs/cmake/pal_behaviour_msgsConfig.cmake)
Linked: (/home/mohamed/tiago_public_ws/devel/.private/pal_behaviour_msgs/share/pal_behaviour_msgs/cmake/pal_behaviour_msgs-msg-extras.cmake, /home/mohamed/tiago_public_ws/devel/share/pal_behaviour_msgs/cmake/pal_behaviour_msgs-msg-extras.cmake)
Linked: (/home/mohamed/tiago_public_ws/devel/.private/pal_behaviour_msgs/share/pal_behaviour_msgs/msg/PresentationAction.msg, /home/mohamed/tiago_public_ws/devel/share/pal_behaviour_msgs/msg/PresentationAction.msg)
Linked: (/home/mohamed/tiago_public_ws/devel/.private/pal_behaviour_msgs/share/pal_behaviour_msgs/msg/PresentationResult.msg, /home/mohamed/tiago_public_ws/devel/share/pal_behaviour_msgs/msg/PresentationResult.msg)
Linked: (/home/mohamed/tiago_public_ws/devel/.private/pal_behaviour_msgs/share/pal_behaviour_msgs/msg/BehaviourTaskResult.msg, /home/mohamed/tiago_public_ws/devel/share/pal_behaviour_msgs/msg/BehaviourTaskResult.msg)
Linked: (/home/mohamed/tiago_public_ws/devel/.private/pal_behaviour_msgs/share/pal_behaviour_msgs/msg/PresentationActionGoal.msg, /home/mohamed/tiago_public_ws/devel/share/pal_behaviour_msgs/msg/PresentationActionGoal.msg)
Linked: (/home/mohamed/tiago_public_ws/devel/.private/pal_behaviour_msgs/share/pal_behaviour_msgs/msg/PresentationActionResult.msg, /home/mohamed/tiago_public_ws/devel/share/pal_behaviour_msgs/msg/PresentationActionResult.msg)
Linked: (/home/mohamed/tiago_public_ws/devel/.private/pal_behaviour_msgs/share/pal_behaviour_msgs/msg/PresentationFeedback.msg, /home/mohamed/tiago_public_ws/devel/share/pal_behaviour_msgs/msg/PresentationFeedback.msg)
Linked: (/home/mohamed/tiago_public_ws/devel/.private/pal_behaviour_msgs/share/pal_behaviour_msgs/msg/BehaviourTaskActionResult.msg, /home/mohamed/tiago_public_ws/devel/share/pal_behaviour_msgs/msg/BehaviourTaskActionResult.msg)
Linked: (/home/mohamed/tiago_public_ws/devel/.private/pal_behaviour_msgs/share/pal_behaviour_msgs/msg/PresentationActionFeedback.msg, /home/mohamed/tiago_public_ws/devel/share/pal_behaviour_msgs/msg/PresentationActionFeedback.msg)
Linked: (/home/mohamed/tiago_public_ws/devel/.private/pal_behaviour_msgs/share/pal_behaviour_msgs/msg/BehaviourTaskGoal.msg, /home/mohamed/tiago_public_ws/devel/share/pal_behaviour_msgs/msg/BehaviourTaskGoal.msg)
Linked: (/home/mohamed/tiago_public_ws/devel/.private/pal_behaviour_msgs/share/pal_behaviour_msgs/msg/PresentationGoal.msg, /home/mohamed/tiago_public_ws/devel/share/pal_behaviour_msgs/msg/PresentationGoal.msg)
Linked: (/home/mohamed/tiago_public_ws/devel/.private/pal_behaviour_msgs/share/pal_behaviour_msgs/msg/BehaviourTaskActionGoal.msg, /home/mohamed/tiago_public_ws/devel/share/pal_behaviour_msgs/msg/BehaviourTaskActionGoal.msg)
Linked: (/home/mohamed/tiago_public_ws/devel/.private/pal_behaviour_msgs/share/pal_behaviour_msgs/msg/BehaviourTaskAction.msg, /home/mohamed/tiago_public_ws/devel/share/pal_behaviour_msgs/msg/BehaviourTaskAction.msg)
Linked: (/home/mohamed/tiago_public_ws/devel/.private/pal_behaviour_msgs/share/pal_behaviour_msgs/msg/BehaviourTaskFeedback.msg, /home/mohamed/tiago_public_ws/devel/share/pal_behaviour_msgs/msg/BehaviourTaskFeedback.msg)
Linked: (/home/mohamed/tiago_public_ws/devel/.private/pal_behaviour_msgs/share/pal_behaviour_msgs/msg/BehaviourTaskActionFeedback.msg, /home/mohamed/tiago_public_ws/devel/share/pal_behaviour_msgs/msg/BehaviourTaskActionFeedback.msg)
Linked: (/home/mohamed/tiago_public_ws/devel/.private/pal_behaviour_msgs/share/roseus/ros/pal_behaviour_msgs/manifest.l, /home/mohamed/tiago_public_ws/devel/share/roseus/ros/pal_behaviour_msgs/manifest.l)
Linked: (/home/mohamed/tiago_public_ws/devel/.private/pal_behaviour_msgs/share/roseus/ros/pal_behaviour_msgs/msg/PresentationActionFeedback.l, /home/mohamed/tiago_public_ws/devel/share/roseus/ros/pal_behaviour_msgs/msg/PresentationActionFeedback.l)
Linked: (/home/mohamed/tiago_public_ws/devel/.private/pal_behaviour_msgs/share/roseus/ros/pal_behaviour_msgs/msg/BehaviourTaskActionFeedback.l, /home/mohamed/tiago_public_ws/devel/share/roseus/ros/pal_behaviour_msgs/msg/BehaviourTaskActionFeedback.l)
Linked: (/home/mohamed/tiago_public_ws/devel/.private/pal_behaviour_msgs/share/roseus/ros/pal_behaviour_msgs/msg/BehaviourTaskResult.l, /home/mohamed/tiago_public_ws/devel/share/roseus/ros/pal_behaviour_msgs/msg/BehaviourTaskResult.l)
Linked: (/home/mohamed/tiago_public_ws/devel/.private/pal_behaviour_msgs/share/roseus/ros/pal_behaviour_msgs/msg/PresentationGoal.l, /home/mohamed/tiago_public_ws/devel/share/roseus/ros/pal_behaviour_msgs/msg/PresentationGoal.l)
Linked: (/home/mohamed/tiago_public_ws/devel/.private/pal_behaviour_msgs/share/roseus/ros/pal_behaviour_msgs/msg/PresentationFeedback.l, /home/mohamed/tiago_public_ws/devel/share/roseus/ros/pal_behaviour_msgs/msg/PresentationFeedback.l)
Linked: (/home/mohamed/tiago_public_ws/devel/.private/pal_behaviour_msgs/share/roseus/ros/pal_behaviour_msgs/msg/BehaviourTaskActionGoal.l, /home/mohamed/tiago_public_ws/devel/share/roseus/ros/pal_behaviour_msgs/msg/BehaviourTaskActionGoal.l)
Linked: (/home/mohamed/tiago_public_ws/devel/.private/pal_behaviour_msgs/share/roseus/ros/pal_behaviour_msgs/msg/BehaviourTaskFeedback.l, /home/mohamed/tiago_public_ws/devel/share/roseus/ros/pal_behaviour_msgs/msg/BehaviourTaskFeedback.l)
Linked: (/home/mohamed/tiago_public_ws/devel/.private/pal_behaviour_msgs/share/roseus/ros/pal_behaviour_msgs/msg/BehaviourArgument.l, /home/mohamed/tiago_public_ws/devel/share/roseus/ros/pal_behaviour_msgs/msg/BehaviourArgument.l)
Linked: (/home/mohamed/tiago_public_ws/devel/.private/pal_behaviour_msgs/share/roseus/ros/pal_behaviour_msgs/msg/PresentationActionGoal.l, /home/mohamed/tiago_public_ws/devel/share/roseus/ros/pal_behaviour_msgs/msg/PresentationActionGoal.l)
Linked: (/home/mohamed/tiago_public_ws/devel/.private/pal_behaviour_msgs/share/roseus/ros/pal_behaviour_msgs/msg/PresentationAction.l, /home/mohamed/tiago_public_ws/devel/share/roseus/ros/pal_behaviour_msgs/msg/PresentationAction.l)
Linked: (/home/mohamed/tiago_public_ws/devel/.private/pal_behaviour_msgs/share/roseus/ros/pal_behaviour_msgs/msg/PresentationActionResult.l, /home/mohamed/tiago_public_ws/devel/share/roseus/ros/pal_behaviour_msgs/msg/PresentationActionResult.l)
Linked: (/home/mohamed/tiago_public_ws/devel/.private/pal_behaviour_msgs/share/roseus/ros/pal_behaviour_msgs/msg/BehaviourTaskAction.l, /home/mohamed/tiago_public_ws/devel/share/roseus/ros/pal_behaviour_msgs/msg/BehaviourTaskAction.l)
Linked: (/home/mohamed/tiago_public_ws/devel/.private/pal_behaviour_msgs/share/roseus/ros/pal_behaviour_msgs/msg/BehaviourTaskGoal.l, /home/mohamed/tiago_public_ws/devel/share/roseus/ros/pal_behaviour_msgs/msg/BehaviourTaskGoal.l)
Linked: (/home/mohamed/tiago_public_ws/devel/.private/pal_behaviour_msgs/share/roseus/ros/pal_behaviour_msgs/msg/BehaviourTaskActionResult.l, /home/mohamed/tiago_public_ws/devel/share/roseus/ros/pal_behaviour_msgs/msg/BehaviourTaskActionResult.l)
Linked: (/home/mohamed/tiago_public_ws/devel/.private/pal_behaviour_msgs/share/roseus/ros/pal_behaviour_msgs/msg/PresentationResult.l, /home/mohamed/tiago_public_ws/devel/share/roseus/ros/pal_behaviour_msgs/msg/PresentationResult.l)
Linked: (/home/mohamed/tiago_public_ws/devel/.private/pal_behaviour_msgs/share/roseus/ros/pal_behaviour_msgs/srv/BehaviourEvent.l, /home/mohamed/tiago_public_ws/devel/share/roseus/ros/pal_behaviour_msgs/srv/BehaviourEvent.l)
Linked: (/home/mohamed/tiago_public_ws/devel/.private/pal_behaviour_msgs/include/pal_behaviour_msgs/PresentationActionFeedback.h, /home/mohamed/tiago_public_ws/devel/include/pal_behaviour_msgs/PresentationActionFeedback.h)
Linked: (/home/mohamed/tiago_public_ws/devel/.private/pal_behaviour_msgs/include/pal_behaviour_msgs/BehaviourTaskActionGoal.h, /home/mohamed/tiago_public_ws/devel/include/pal_behaviour_msgs/BehaviourTaskActionGoal.h)
Linked: (/home/mohamed/tiago_public_ws/devel/.private/pal_behaviour_msgs/include/pal_behaviour_msgs/BehaviourArgument.h, /home/mohamed/tiago_public_ws/devel/include/pal_behaviour_msgs/BehaviourArgument.h)
Linked: (/home/mohamed/tiago_public_ws/devel/.private/pal_behaviour_msgs/include/pal_behaviour_msgs/BehaviourTaskActionFeedback.h, /home/mohamed/tiago_public_ws/devel/include/pal_behaviour_msgs/BehaviourTaskActionFeedback.h)
Linked: (/home/mohamed/tiago_public_ws/devel/.private/pal_behaviour_msgs/include/pal_behaviour_msgs/PresentationActionResult.h, /home/mohamed/tiago_public_ws/devel/include/pal_behaviour_msgs/PresentationActionResult.h)
Linked: (/home/mohamed/tiago_public_ws/devel/.private/pal_behaviour_msgs/include/pal_behaviour_msgs/PresentationActionGoal.h, /home/mohamed/tiago_public_ws/devel/include/pal_behaviour_msgs/PresentationActionGoal.h)
Linked: (/home/mohamed/tiago_public_ws/devel/.private/pal_behaviour_msgs/include/pal_behaviour_msgs/BehaviourTaskFeedback.h, /home/mohamed/tiago_public_ws/devel/include/pal_behaviour_msgs/BehaviourTaskFeedback.h)
Linked: (/home/mohamed/tiago_public_ws/devel/.private/pal_behaviour_msgs/include/pal_behaviour_msgs/BehaviourTaskActionResult.h, /home/mohamed/tiago_public_ws/devel/include/pal_behaviour_msgs/BehaviourTaskActionResult.h)
Linked: (/home/mohamed/tiago_public_ws/devel/.private/pal_behaviour_msgs/include/pal_behaviour_msgs/PresentationFeedback.h, /home/mohamed/tiago_public_ws/devel/include/pal_behaviour_msgs/PresentationFeedback.h)
Linked: (/home/mohamed/tiago_public_ws/devel/.private/pal_behaviour_msgs/include/pal_behaviour_msgs/BehaviourEvent.h, /home/mohamed/tiago_public_ws/devel/include/pal_behaviour_msgs/BehaviourEvent.h)
Linked: (/home/mohamed/tiago_public_ws/devel/.private/pal_behaviour_msgs/include/pal_behaviour_msgs/BehaviourTaskResult.h, /home/mohamed/tiago_public_ws/devel/include/pal_behaviour_msgs/BehaviourTaskResult.h)
Linked: (/home/mohamed/tiago_public_ws/devel/.private/pal_behaviour_msgs/include/pal_behaviour_msgs/BehaviourTaskGoal.h, /home/mohamed/tiago_public_ws/devel/include/pal_behaviour_msgs/BehaviourTaskGoal.h)
Linked: (/home/mohamed/tiago_public_ws/devel/.private/pal_behaviour_msgs/include/pal_behaviour_msgs/PresentationAction.h, /home/mohamed/tiago_public_ws/devel/include/pal_behaviour_msgs/PresentationAction.h)
Linked: (/home/mohamed/tiago_public_ws/devel/.private/pal_behaviour_msgs/include/pal_behaviour_msgs/BehaviourTaskAction.h, /home/mohamed/tiago_public_ws/devel/include/pal_behaviour_msgs/BehaviourTaskAction.h)
Linked: (/home/mohamed/tiago_public_ws/devel/.private/pal_behaviour_msgs/include/pal_behaviour_msgs/PresentationGoal.h, /home/mohamed/tiago_public_ws/devel/include/pal_behaviour_msgs/PresentationGoal.h)
Linked: (/home/mohamed/tiago_public_ws/devel/.private/pal_behaviour_msgs/include/pal_behaviour_msgs/BehaviourEventResponse.h, /home/mohamed/tiago_public_ws/devel/include/pal_behaviour_msgs/BehaviourEventResponse.h)
Linked: (/home/mohamed/tiago_public_ws/devel/.private/pal_behaviour_msgs/include/pal_behaviour_msgs/PresentationResult.h, /home/mohamed/tiago_public_ws/devel/include/pal_behaviour_msgs/PresentationResult.h)
Linked: (/home/mohamed/tiago_public_ws/devel/.private/pal_behaviour_msgs/include/pal_behaviour_msgs/BehaviourEventRequest.h, /home/mohamed/tiago_public_ws/devel/include/pal_behaviour_msgs/BehaviourEventRequest.h)
