[35m[1mScanning dependencies of target gazebo_attachment[0m
[  7%] [32mBuilding CXX object CMakeFiles/gazebo_attachment.dir/src/gazebo_attachment.cpp.o[0m
[35m[1mScanning dependencies of target gazebo_world_odometry[0m
[ 14%] [32mBuilding CXX object CMakeFiles/gazebo_world_odometry.dir/src/gazebo_world_odometry.cpp.o[0m
[35m[1mScanning dependencies of target gazebo_pal_hand[0m
[ 21%] [32mBuilding CXX object CMakeFiles/gazebo_pal_hand.dir/src/gazebo_pal_hand.cpp.o[0m
[35m[1mScanning dependencies of target gazebo_harness[0m
[ 28%] [32mBuilding CXX object CMakeFiles/gazebo_harness.dir/src/gazebo_harness.cpp.o[0m
[35m[1mScanning dependencies of target gazebo_ros_forcetorque[0m
[35m[1mScanning dependencies of target pal_multirobot_msgs_generate_messages_cpp[0m
[ 28%] Built target pal_multirobot_msgs_generate_messages_cpp
[35m[1mScanning dependencies of target gazebo_underactuated_finger[0m
[ 35%] [32mBuilding CXX object CMakeFiles/gazebo_ros_forcetorque.dir/src/gazebo_ros_forcetorque.cpp.o[0m
[ 42%] [32mBuilding CXX object CMakeFiles/gazebo_underactuated_finger.dir/src/gazebo_underactuated_finger.cpp.o[0m
[ 50%] [32m[1mLinking CXX shared library /home/mohamed/tiago_public_ws/devel/.private/pal_gazebo_plugins/lib/libgazebo_attachment.so[0m
[ 50%] Built target gazebo_attachment
[ 57%] [32m[1mLinking CXX shared library /home/mohamed/tiago_public_ws/devel/.private/pal_gazebo_plugins/lib/libgazebo_world_odometry.so[0m
[ 64%] [32m[1mLinking CXX shared library /home/mohamed/tiago_public_ws/devel/.private/pal_gazebo_plugins/lib/libgazebo_pal_hand.so[0m
[ 64%] Built target gazebo_world_odometry
[35m[1mScanning dependencies of target gazebo_wifi_ap[0m
[ 71%] [32mBuilding CXX object CMakeFiles/gazebo_wifi_ap.dir/src/gazebo_wifi_ap.cpp.o[0m
[ 71%] Built target gazebo_pal_hand
[ 78%] [32m[1mLinking CXX shared library /home/mohamed/tiago_public_ws/devel/.private/pal_gazebo_plugins/lib/libgazebo_harness.so[0m
/home/mohamed/tiago_public_ws/src/pal_gazebo_plugins/src/gazebo_ros_forcetorque.cpp: In member function ‘void gazebo::FTPlugin::UpdateChild()’:
/home/mohamed/tiago_public_ws/src/pal_gazebo_plugins/src/gazebo_ros_forcetorque.cpp:173:56: warning: ‘double gazebo::sensors::Sensor::GetUpdateRate()’ is deprecated [-Wdeprecated-declarations]
         double rate = footContactSensor->GetUpdateRate();
                                                        ^
In file included from /usr/include/gazebo-7/gazebo/sensors/ContactSensor.hh:26:0,
                 from /home/mohamed/tiago_public_ws/src/pal_gazebo_plugins/include/pal_gazebo_plugins/gazebo_ros_forcetorque.h:67,
                 from /home/mohamed/tiago_public_ws/src/pal_gazebo_plugins/src/gazebo_ros_forcetorque.cpp:37:
/usr/include/gazebo-7/gazebo/sensors/Sensor.hh:96:22: note: declared here
       public: double GetUpdateRate() GAZEBO_DEPRECATED(7.0);
                      ^
/home/mohamed/tiago_public_ws/src/pal_gazebo_plugins/src/gazebo_ros_forcetorque.cpp:180:57: warning: ‘gazebo::msgs::Contacts gazebo::sensors::ContactSensor::GetContacts() const’ is deprecated [-Wdeprecated-declarations]
         contacts = this->footContactSensor->GetContacts();
                                                         ^
In file included from /home/mohamed/tiago_public_ws/src/pal_gazebo_plugins/include/pal_gazebo_plugins/gazebo_ros_forcetorque.h:67:0,
                 from /home/mohamed/tiago_public_ws/src/pal_gazebo_plugins/src/gazebo_ros_forcetorque.cpp:37:
/usr/include/gazebo-7/gazebo/sensors/ContactSensor.hh:126:30: note: declared here
       public: msgs::Contacts GetContacts() const GAZEBO_DEPRECATED(7.0);
                              ^
[ 85%] [32m[1mLinking CXX shared library /home/mohamed/tiago_public_ws/devel/.private/pal_gazebo_plugins/lib/libgazebo_ros_forcetorque.so[0m
[ 85%] Built target gazebo_harness
[ 85%] Built target gazebo_ros_forcetorque
[ 92%] [32m[1mLinking CXX shared library /home/mohamed/tiago_public_ws/devel/.private/pal_gazebo_plugins/lib/libgazebo_underactuated_finger.so[0m
[ 92%] Built target gazebo_underactuated_finger
[100%] [32m[1mLinking CXX shared library /home/mohamed/tiago_public_ws/devel/.private/pal_gazebo_plugins/lib/libgazebo_wifi_ap.so[0m
[100%] Built target gazebo_wifi_ap
