[  2%] [34m[1mGenerating dynamic reconfigure files from cfg/SphericalGrasp.cfg: /home/mohamed/tiago_public_ws/devel/.private/tiago_pick_demo/include/tiago_pick_demo/SphericalGraspConfig.h /home/mohamed/tiago_public_ws/devel/.private/tiago_pick_demo/lib/python2.7/dist-packages/tiago_pick_demo/cfg/SphericalGraspConfig.py[0m
[  2%] Built target _tiago_pick_demo_generate_messages_check_deps_PickUpPoseActionFeedback
[  2%] Built target actionlib_msgs_generate_messages_eus
[  2%] Built target _tiago_pick_demo_generate_messages_check_deps_PickUpPoseAction
[  2%] Built target _tiago_pick_demo_generate_messages_check_deps_PickUpPoseFeedback
[  2%] Built target geometry_msgs_generate_messages_eus
Generating reconfiguration files for SphericalGrasp in spherical_grasps_server
[  2%] Built target geometry_msgs_generate_messages_nodejs
[  2%] Built target _tiago_pick_demo_generate_messages_check_deps_PickUpPoseResult
Wrote header file in /home/mohamed/tiago_public_ws/devel/.private/tiago_pick_demo/include/tiago_pick_demo/SphericalGraspConfig.h
[  2%] Built target _tiago_pick_demo_generate_messages_check_deps_PickUpPoseGoal
[  2%] Built target _tiago_pick_demo_generate_messages_check_deps_PickUpPoseActionGoal
[  2%] Built target actionlib_msgs_generate_messages_nodejs
[  2%] Built target _tiago_pick_demo_generate_messages_check_deps_PickUpPoseActionResult
[  2%] Built target actionlib_msgs_generate_messages_py
[  2%] Built target tiago_pick_demo_gencfg
[  2%] Built target geometry_msgs_generate_messages_py
[  2%] Built target geometry_msgs_generate_messages_lisp
[  2%] Built target actionlib_msgs_generate_messages_lisp
[  2%] Built target geometry_msgs_generate_messages_cpp
[  2%] Built target actionlib_msgs_generate_messages_cpp
[ 23%] Built target tiago_pick_demo_generate_messages_eus
[ 42%] Built target tiago_pick_demo_generate_messages_nodejs
[ 63%] Built target tiago_pick_demo_generate_messages_py
[ 81%] Built target tiago_pick_demo_generate_messages_lisp
[100%] Built target tiago_pick_demo_generate_messages_cpp
[100%] Built target tiago_pick_demo_generate_messages
