Determining if the pthread_create exist failed with the following output:
Change Dir: /home/mohamed/tiago_public_ws/build/gazebo_ros_control/CMakeFiles/CMakeTmp

Run Build Command:"/usr/bin/make" "cmTC_7c0fb/fast"
/usr/bin/make -f CMakeFiles/cmTC_7c0fb.dir/build.make CMakeFiles/cmTC_7c0fb.dir/build
make[1]: Entering directory '/home/mohamed/tiago_public_ws/build/gazebo_ros_control/CMakeFiles/CMakeTmp'
Building C object CMakeFiles/cmTC_7c0fb.dir/CheckSymbolExists.c.o
/usr/lib/ccache/cc     -o CMakeFiles/cmTC_7c0fb.dir/CheckSymbolExists.c.o   -c /home/mohamed/tiago_public_ws/build/gazebo_ros_control/CMakeFiles/CMakeTmp/CheckSymbolExists.c
Linking C executable cmTC_7c0fb
/usr/bin/cmake -E cmake_link_script CMakeFiles/cmTC_7c0fb.dir/link.txt --verbose=1
/usr/lib/ccache/cc       CMakeFiles/cmTC_7c0fb.dir/CheckSymbolExists.c.o  -o cmTC_7c0fb -rdynamic 
CMakeFiles/cmTC_7c0fb.dir/CheckSymbolExists.c.o: In function `main':
CheckSymbolExists.c:(.text+0x16): undefined reference to `pthread_create'
collect2: error: ld returned 1 exit status
CMakeFiles/cmTC_7c0fb.dir/build.make:97: recipe for target 'cmTC_7c0fb' failed
make[1]: *** [cmTC_7c0fb] Error 1
make[1]: Leaving directory '/home/mohamed/tiago_public_ws/build/gazebo_ros_control/CMakeFiles/CMakeTmp'
Makefile:126: recipe for target 'cmTC_7c0fb/fast' failed
make: *** [cmTC_7c0fb/fast] Error 2

File /home/mohamed/tiago_public_ws/build/gazebo_ros_control/CMakeFiles/CMakeTmp/CheckSymbolExists.c:
/* */
#include <pthread.h>

int main(int argc, char** argv)
{
  (void)argv;
#ifndef pthread_create
  return ((int*)(&pthread_create))[argc];
#else
  (void)argc;
  return 0;
#endif
}

Determining if the function pthread_create exists in the pthreads failed with the following output:
Change Dir: /home/mohamed/tiago_public_ws/build/gazebo_ros_control/CMakeFiles/CMakeTmp

Run Build Command:"/usr/bin/make" "cmTC_2e5ed/fast"
/usr/bin/make -f CMakeFiles/cmTC_2e5ed.dir/build.make CMakeFiles/cmTC_2e5ed.dir/build
make[1]: Entering directory '/home/mohamed/tiago_public_ws/build/gazebo_ros_control/CMakeFiles/CMakeTmp'
Building C object CMakeFiles/cmTC_2e5ed.dir/CheckFunctionExists.c.o
/usr/lib/ccache/cc    -DCHECK_FUNCTION_EXISTS=pthread_create   -o CMakeFiles/cmTC_2e5ed.dir/CheckFunctionExists.c.o   -c /usr/share/cmake-3.5/Modules/CheckFunctionExists.c
Linking C executable cmTC_2e5ed
/usr/bin/cmake -E cmake_link_script CMakeFiles/cmTC_2e5ed.dir/link.txt --verbose=1
/usr/lib/ccache/cc   -DCHECK_FUNCTION_EXISTS=pthread_create    CMakeFiles/cmTC_2e5ed.dir/CheckFunctionExists.c.o  -o cmTC_2e5ed -rdynamic -lpthreads 
/usr/bin/ld: cannot find -lpthreads
collect2: error: ld returned 1 exit status
CMakeFiles/cmTC_2e5ed.dir/build.make:97: recipe for target 'cmTC_2e5ed' failed
make[1]: *** [cmTC_2e5ed] Error 1
make[1]: Leaving directory '/home/mohamed/tiago_public_ws/build/gazebo_ros_control/CMakeFiles/CMakeTmp'
Makefile:126: recipe for target 'cmTC_2e5ed/fast' failed
make: *** [cmTC_2e5ed/fast] Error 2


