Linked: (/home/mohamed/tiago_public_ws/devel/.private/play_motion_msgs/lib/pkgconfig/play_motion_msgs.pc, /home/mohamed/tiago_public_ws/devel/lib/pkgconfig/play_motion_msgs.pc)
Linked: (/home/mohamed/tiago_public_ws/devel/.private/play_motion_msgs/lib/python2.7/dist-packages/play_motion_msgs/__init__.py, /home/mohamed/tiago_public_ws/devel/lib/python2.7/dist-packages/play_motion_msgs/__init__.py)
Linked: (/home/mohamed/tiago_public_ws/devel/.private/play_motion_msgs/lib/python2.7/dist-packages/play_motion_msgs/msg/_PlayMotionResult.py, /home/mohamed/tiago_public_ws/devel/lib/python2.7/dist-packages/play_motion_msgs/msg/_PlayMotionResult.py)
Linked: (/home/mohamed/tiago_public_ws/devel/.private/play_motion_msgs/lib/python2.7/dist-packages/play_motion_msgs/msg/_PlayMotionActionGoal.py, /home/mohamed/tiago_public_ws/devel/lib/python2.7/dist-packages/play_motion_msgs/msg/_PlayMotionActionGoal.py)
Linked: (/home/mohamed/tiago_public_ws/devel/.private/play_motion_msgs/lib/python2.7/dist-packages/play_motion_msgs/msg/_PlayMotionFeedback.py, /home/mohamed/tiago_public_ws/devel/lib/python2.7/dist-packages/play_motion_msgs/msg/_PlayMotionFeedback.py)
Linked: (/home/mohamed/tiago_public_ws/devel/.private/play_motion_msgs/lib/python2.7/dist-packages/play_motion_msgs/msg/_PlayMotionActionResult.py, /home/mohamed/tiago_public_ws/devel/lib/python2.7/dist-packages/play_motion_msgs/msg/_PlayMotionActionResult.py)
Linked: (/home/mohamed/tiago_public_ws/devel/.private/play_motion_msgs/lib/python2.7/dist-packages/play_motion_msgs/msg/_PlayMotionGoal.py, /home/mohamed/tiago_public_ws/devel/lib/python2.7/dist-packages/play_motion_msgs/msg/_PlayMotionGoal.py)
Linked: (/home/mohamed/tiago_public_ws/devel/.private/play_motion_msgs/lib/python2.7/dist-packages/play_motion_msgs/msg/_PlayMotionAction.py, /home/mohamed/tiago_public_ws/devel/lib/python2.7/dist-packages/play_motion_msgs/msg/_PlayMotionAction.py)
Linked: (/home/mohamed/tiago_public_ws/devel/.private/play_motion_msgs/lib/python2.7/dist-packages/play_motion_msgs/msg/_MotionInfo.py, /home/mohamed/tiago_public_ws/devel/lib/python2.7/dist-packages/play_motion_msgs/msg/_MotionInfo.py)
Linked: (/home/mohamed/tiago_public_ws/devel/.private/play_motion_msgs/lib/python2.7/dist-packages/play_motion_msgs/msg/_PlayMotionActionFeedback.py, /home/mohamed/tiago_public_ws/devel/lib/python2.7/dist-packages/play_motion_msgs/msg/_PlayMotionActionFeedback.py)
Linked: (/home/mohamed/tiago_public_ws/devel/.private/play_motion_msgs/lib/python2.7/dist-packages/play_motion_msgs/msg/__init__.py, /home/mohamed/tiago_public_ws/devel/lib/python2.7/dist-packages/play_motion_msgs/msg/__init__.py)
Linked: (/home/mohamed/tiago_public_ws/devel/.private/play_motion_msgs/lib/python2.7/dist-packages/play_motion_msgs/srv/_IsAlreadyThere.py, /home/mohamed/tiago_public_ws/devel/lib/python2.7/dist-packages/play_motion_msgs/srv/_IsAlreadyThere.py)
Linked: (/home/mohamed/tiago_public_ws/devel/.private/play_motion_msgs/lib/python2.7/dist-packages/play_motion_msgs/srv/_ListMotions.py, /home/mohamed/tiago_public_ws/devel/lib/python2.7/dist-packages/play_motion_msgs/srv/_ListMotions.py)
Linked: (/home/mohamed/tiago_public_ws/devel/.private/play_motion_msgs/lib/python2.7/dist-packages/play_motion_msgs/srv/__init__.py, /home/mohamed/tiago_public_ws/devel/lib/python2.7/dist-packages/play_motion_msgs/srv/__init__.py)
Linked: (/home/mohamed/tiago_public_ws/devel/.private/play_motion_msgs/share/common-lisp/ros/play_motion_msgs/msg/PlayMotionActionFeedback.lisp, /home/mohamed/tiago_public_ws/devel/share/common-lisp/ros/play_motion_msgs/msg/PlayMotionActionFeedback.lisp)
Linked: (/home/mohamed/tiago_public_ws/devel/.private/play_motion_msgs/share/common-lisp/ros/play_motion_msgs/msg/play_motion_msgs-msg.asd, /home/mohamed/tiago_public_ws/devel/share/common-lisp/ros/play_motion_msgs/msg/play_motion_msgs-msg.asd)
Linked: (/home/mohamed/tiago_public_ws/devel/.private/play_motion_msgs/share/common-lisp/ros/play_motion_msgs/msg/_package_PlayMotionActionGoal.lisp, /home/mohamed/tiago_public_ws/devel/share/common-lisp/ros/play_motion_msgs/msg/_package_PlayMotionActionGoal.lisp)
Linked: (/home/mohamed/tiago_public_ws/devel/.private/play_motion_msgs/share/common-lisp/ros/play_motion_msgs/msg/PlayMotionActionGoal.lisp, /home/mohamed/tiago_public_ws/devel/share/common-lisp/ros/play_motion_msgs/msg/PlayMotionActionGoal.lisp)
Linked: (/home/mohamed/tiago_public_ws/devel/.private/play_motion_msgs/share/common-lisp/ros/play_motion_msgs/msg/_package_MotionInfo.lisp, /home/mohamed/tiago_public_ws/devel/share/common-lisp/ros/play_motion_msgs/msg/_package_MotionInfo.lisp)
Linked: (/home/mohamed/tiago_public_ws/devel/.private/play_motion_msgs/share/common-lisp/ros/play_motion_msgs/msg/_package_PlayMotionActionFeedback.lisp, /home/mohamed/tiago_public_ws/devel/share/common-lisp/ros/play_motion_msgs/msg/_package_PlayMotionActionFeedback.lisp)
Linked: (/home/mohamed/tiago_public_ws/devel/.private/play_motion_msgs/share/common-lisp/ros/play_motion_msgs/msg/MotionInfo.lisp, /home/mohamed/tiago_public_ws/devel/share/common-lisp/ros/play_motion_msgs/msg/MotionInfo.lisp)
Linked: (/home/mohamed/tiago_public_ws/devel/.private/play_motion_msgs/share/common-lisp/ros/play_motion_msgs/msg/_package_PlayMotionActionResult.lisp, /home/mohamed/tiago_public_ws/devel/share/common-lisp/ros/play_motion_msgs/msg/_package_PlayMotionActionResult.lisp)
Linked: (/home/mohamed/tiago_public_ws/devel/.private/play_motion_msgs/share/common-lisp/ros/play_motion_msgs/msg/PlayMotionResult.lisp, /home/mohamed/tiago_public_ws/devel/share/common-lisp/ros/play_motion_msgs/msg/PlayMotionResult.lisp)
Linked: (/home/mohamed/tiago_public_ws/devel/.private/play_motion_msgs/share/common-lisp/ros/play_motion_msgs/msg/_package_PlayMotionAction.lisp, /home/mohamed/tiago_public_ws/devel/share/common-lisp/ros/play_motion_msgs/msg/_package_PlayMotionAction.lisp)
Linked: (/home/mohamed/tiago_public_ws/devel/.private/play_motion_msgs/share/common-lisp/ros/play_motion_msgs/msg/PlayMotionActionResult.lisp, /home/mohamed/tiago_public_ws/devel/share/common-lisp/ros/play_motion_msgs/msg/PlayMotionActionResult.lisp)
Linked: (/home/mohamed/tiago_public_ws/devel/.private/play_motion_msgs/share/common-lisp/ros/play_motion_msgs/msg/_package_PlayMotionGoal.lisp, /home/mohamed/tiago_public_ws/devel/share/common-lisp/ros/play_motion_msgs/msg/_package_PlayMotionGoal.lisp)
Linked: (/home/mohamed/tiago_public_ws/devel/.private/play_motion_msgs/share/common-lisp/ros/play_motion_msgs/msg/PlayMotionGoal.lisp, /home/mohamed/tiago_public_ws/devel/share/common-lisp/ros/play_motion_msgs/msg/PlayMotionGoal.lisp)
Linked: (/home/mohamed/tiago_public_ws/devel/.private/play_motion_msgs/share/common-lisp/ros/play_motion_msgs/msg/_package.lisp, /home/mohamed/tiago_public_ws/devel/share/common-lisp/ros/play_motion_msgs/msg/_package.lisp)
Linked: (/home/mohamed/tiago_public_ws/devel/.private/play_motion_msgs/share/common-lisp/ros/play_motion_msgs/msg/PlayMotionFeedback.lisp, /home/mohamed/tiago_public_ws/devel/share/common-lisp/ros/play_motion_msgs/msg/PlayMotionFeedback.lisp)
Linked: (/home/mohamed/tiago_public_ws/devel/.private/play_motion_msgs/share/common-lisp/ros/play_motion_msgs/msg/_package_PlayMotionFeedback.lisp, /home/mohamed/tiago_public_ws/devel/share/common-lisp/ros/play_motion_msgs/msg/_package_PlayMotionFeedback.lisp)
Linked: (/home/mohamed/tiago_public_ws/devel/.private/play_motion_msgs/share/common-lisp/ros/play_motion_msgs/msg/_package_PlayMotionResult.lisp, /home/mohamed/tiago_public_ws/devel/share/common-lisp/ros/play_motion_msgs/msg/_package_PlayMotionResult.lisp)
Linked: (/home/mohamed/tiago_public_ws/devel/.private/play_motion_msgs/share/common-lisp/ros/play_motion_msgs/msg/PlayMotionAction.lisp, /home/mohamed/tiago_public_ws/devel/share/common-lisp/ros/play_motion_msgs/msg/PlayMotionAction.lisp)
Linked: (/home/mohamed/tiago_public_ws/devel/.private/play_motion_msgs/share/common-lisp/ros/play_motion_msgs/srv/IsAlreadyThere.lisp, /home/mohamed/tiago_public_ws/devel/share/common-lisp/ros/play_motion_msgs/srv/IsAlreadyThere.lisp)
Linked: (/home/mohamed/tiago_public_ws/devel/.private/play_motion_msgs/share/common-lisp/ros/play_motion_msgs/srv/_package_ListMotions.lisp, /home/mohamed/tiago_public_ws/devel/share/common-lisp/ros/play_motion_msgs/srv/_package_ListMotions.lisp)
Linked: (/home/mohamed/tiago_public_ws/devel/.private/play_motion_msgs/share/common-lisp/ros/play_motion_msgs/srv/ListMotions.lisp, /home/mohamed/tiago_public_ws/devel/share/common-lisp/ros/play_motion_msgs/srv/ListMotions.lisp)
Linked: (/home/mohamed/tiago_public_ws/devel/.private/play_motion_msgs/share/common-lisp/ros/play_motion_msgs/srv/play_motion_msgs-srv.asd, /home/mohamed/tiago_public_ws/devel/share/common-lisp/ros/play_motion_msgs/srv/play_motion_msgs-srv.asd)
Linked: (/home/mohamed/tiago_public_ws/devel/.private/play_motion_msgs/share/common-lisp/ros/play_motion_msgs/srv/_package.lisp, /home/mohamed/tiago_public_ws/devel/share/common-lisp/ros/play_motion_msgs/srv/_package.lisp)
Linked: (/home/mohamed/tiago_public_ws/devel/.private/play_motion_msgs/share/common-lisp/ros/play_motion_msgs/srv/_package_IsAlreadyThere.lisp, /home/mohamed/tiago_public_ws/devel/share/common-lisp/ros/play_motion_msgs/srv/_package_IsAlreadyThere.lisp)
Linked: (/home/mohamed/tiago_public_ws/devel/.private/play_motion_msgs/share/play_motion_msgs/cmake/play_motion_msgsConfig-version.cmake, /home/mohamed/tiago_public_ws/devel/share/play_motion_msgs/cmake/play_motion_msgsConfig-version.cmake)
Linked: (/home/mohamed/tiago_public_ws/devel/.private/play_motion_msgs/share/play_motion_msgs/cmake/play_motion_msgsConfig.cmake, /home/mohamed/tiago_public_ws/devel/share/play_motion_msgs/cmake/play_motion_msgsConfig.cmake)
Linked: (/home/mohamed/tiago_public_ws/devel/.private/play_motion_msgs/share/play_motion_msgs/cmake/play_motion_msgs-msg-paths.cmake, /home/mohamed/tiago_public_ws/devel/share/play_motion_msgs/cmake/play_motion_msgs-msg-paths.cmake)
Linked: (/home/mohamed/tiago_public_ws/devel/.private/play_motion_msgs/share/play_motion_msgs/cmake/play_motion_msgs-msg-extras.cmake, /home/mohamed/tiago_public_ws/devel/share/play_motion_msgs/cmake/play_motion_msgs-msg-extras.cmake)
Linked: (/home/mohamed/tiago_public_ws/devel/.private/play_motion_msgs/share/play_motion_msgs/msg/PlayMotionActionGoal.msg, /home/mohamed/tiago_public_ws/devel/share/play_motion_msgs/msg/PlayMotionActionGoal.msg)
Linked: (/home/mohamed/tiago_public_ws/devel/.private/play_motion_msgs/share/play_motion_msgs/msg/PlayMotionGoal.msg, /home/mohamed/tiago_public_ws/devel/share/play_motion_msgs/msg/PlayMotionGoal.msg)
Linked: (/home/mohamed/tiago_public_ws/devel/.private/play_motion_msgs/share/play_motion_msgs/msg/PlayMotionActionResult.msg, /home/mohamed/tiago_public_ws/devel/share/play_motion_msgs/msg/PlayMotionActionResult.msg)
Linked: (/home/mohamed/tiago_public_ws/devel/.private/play_motion_msgs/share/play_motion_msgs/msg/PlayMotionAction.msg, /home/mohamed/tiago_public_ws/devel/share/play_motion_msgs/msg/PlayMotionAction.msg)
Linked: (/home/mohamed/tiago_public_ws/devel/.private/play_motion_msgs/share/play_motion_msgs/msg/PlayMotionActionFeedback.msg, /home/mohamed/tiago_public_ws/devel/share/play_motion_msgs/msg/PlayMotionActionFeedback.msg)
Linked: (/home/mohamed/tiago_public_ws/devel/.private/play_motion_msgs/share/play_motion_msgs/msg/PlayMotionFeedback.msg, /home/mohamed/tiago_public_ws/devel/share/play_motion_msgs/msg/PlayMotionFeedback.msg)
Linked: (/home/mohamed/tiago_public_ws/devel/.private/play_motion_msgs/share/play_motion_msgs/msg/PlayMotionResult.msg, /home/mohamed/tiago_public_ws/devel/share/play_motion_msgs/msg/PlayMotionResult.msg)
Linked: (/home/mohamed/tiago_public_ws/devel/.private/play_motion_msgs/share/gennodejs/ros/play_motion_msgs/_index.js, /home/mohamed/tiago_public_ws/devel/share/gennodejs/ros/play_motion_msgs/_index.js)
Linked: (/home/mohamed/tiago_public_ws/devel/.private/play_motion_msgs/share/gennodejs/ros/play_motion_msgs/msg/PlayMotionGoal.js, /home/mohamed/tiago_public_ws/devel/share/gennodejs/ros/play_motion_msgs/msg/PlayMotionGoal.js)
Linked: (/home/mohamed/tiago_public_ws/devel/.private/play_motion_msgs/share/gennodejs/ros/play_motion_msgs/msg/PlayMotionActionResult.js, /home/mohamed/tiago_public_ws/devel/share/gennodejs/ros/play_motion_msgs/msg/PlayMotionActionResult.js)
Linked: (/home/mohamed/tiago_public_ws/devel/.private/play_motion_msgs/share/gennodejs/ros/play_motion_msgs/msg/PlayMotionAction.js, /home/mohamed/tiago_public_ws/devel/share/gennodejs/ros/play_motion_msgs/msg/PlayMotionAction.js)
Linked: (/home/mohamed/tiago_public_ws/devel/.private/play_motion_msgs/share/gennodejs/ros/play_motion_msgs/msg/PlayMotionActionFeedback.js, /home/mohamed/tiago_public_ws/devel/share/gennodejs/ros/play_motion_msgs/msg/PlayMotionActionFeedback.js)
Linked: (/home/mohamed/tiago_public_ws/devel/.private/play_motion_msgs/share/gennodejs/ros/play_motion_msgs/msg/PlayMotionFeedback.js, /home/mohamed/tiago_public_ws/devel/share/gennodejs/ros/play_motion_msgs/msg/PlayMotionFeedback.js)
Linked: (/home/mohamed/tiago_public_ws/devel/.private/play_motion_msgs/share/gennodejs/ros/play_motion_msgs/msg/MotionInfo.js, /home/mohamed/tiago_public_ws/devel/share/gennodejs/ros/play_motion_msgs/msg/MotionInfo.js)
Linked: (/home/mohamed/tiago_public_ws/devel/.private/play_motion_msgs/share/gennodejs/ros/play_motion_msgs/msg/PlayMotionResult.js, /home/mohamed/tiago_public_ws/devel/share/gennodejs/ros/play_motion_msgs/msg/PlayMotionResult.js)
Linked: (/home/mohamed/tiago_public_ws/devel/.private/play_motion_msgs/share/gennodejs/ros/play_motion_msgs/msg/PlayMotionActionGoal.js, /home/mohamed/tiago_public_ws/devel/share/gennodejs/ros/play_motion_msgs/msg/PlayMotionActionGoal.js)
Linked: (/home/mohamed/tiago_public_ws/devel/.private/play_motion_msgs/share/gennodejs/ros/play_motion_msgs/msg/_index.js, /home/mohamed/tiago_public_ws/devel/share/gennodejs/ros/play_motion_msgs/msg/_index.js)
Linked: (/home/mohamed/tiago_public_ws/devel/.private/play_motion_msgs/share/gennodejs/ros/play_motion_msgs/srv/ListMotions.js, /home/mohamed/tiago_public_ws/devel/share/gennodejs/ros/play_motion_msgs/srv/ListMotions.js)
Linked: (/home/mohamed/tiago_public_ws/devel/.private/play_motion_msgs/share/gennodejs/ros/play_motion_msgs/srv/IsAlreadyThere.js, /home/mohamed/tiago_public_ws/devel/share/gennodejs/ros/play_motion_msgs/srv/IsAlreadyThere.js)
Linked: (/home/mohamed/tiago_public_ws/devel/.private/play_motion_msgs/share/gennodejs/ros/play_motion_msgs/srv/_index.js, /home/mohamed/tiago_public_ws/devel/share/gennodejs/ros/play_motion_msgs/srv/_index.js)
Linked: (/home/mohamed/tiago_public_ws/devel/.private/play_motion_msgs/share/roseus/ros/play_motion_msgs/manifest.l, /home/mohamed/tiago_public_ws/devel/share/roseus/ros/play_motion_msgs/manifest.l)
Linked: (/home/mohamed/tiago_public_ws/devel/.private/play_motion_msgs/share/roseus/ros/play_motion_msgs/msg/PlayMotionGoal.l, /home/mohamed/tiago_public_ws/devel/share/roseus/ros/play_motion_msgs/msg/PlayMotionGoal.l)
Linked: (/home/mohamed/tiago_public_ws/devel/.private/play_motion_msgs/share/roseus/ros/play_motion_msgs/msg/PlayMotionResult.l, /home/mohamed/tiago_public_ws/devel/share/roseus/ros/play_motion_msgs/msg/PlayMotionResult.l)
Linked: (/home/mohamed/tiago_public_ws/devel/.private/play_motion_msgs/share/roseus/ros/play_motion_msgs/msg/PlayMotionFeedback.l, /home/mohamed/tiago_public_ws/devel/share/roseus/ros/play_motion_msgs/msg/PlayMotionFeedback.l)
Linked: (/home/mohamed/tiago_public_ws/devel/.private/play_motion_msgs/share/roseus/ros/play_motion_msgs/msg/PlayMotionActionGoal.l, /home/mohamed/tiago_public_ws/devel/share/roseus/ros/play_motion_msgs/msg/PlayMotionActionGoal.l)
Linked: (/home/mohamed/tiago_public_ws/devel/.private/play_motion_msgs/share/roseus/ros/play_motion_msgs/msg/MotionInfo.l, /home/mohamed/tiago_public_ws/devel/share/roseus/ros/play_motion_msgs/msg/MotionInfo.l)
Linked: (/home/mohamed/tiago_public_ws/devel/.private/play_motion_msgs/share/roseus/ros/play_motion_msgs/msg/PlayMotionActionFeedback.l, /home/mohamed/tiago_public_ws/devel/share/roseus/ros/play_motion_msgs/msg/PlayMotionActionFeedback.l)
Linked: (/home/mohamed/tiago_public_ws/devel/.private/play_motion_msgs/share/roseus/ros/play_motion_msgs/msg/PlayMotionActionResult.l, /home/mohamed/tiago_public_ws/devel/share/roseus/ros/play_motion_msgs/msg/PlayMotionActionResult.l)
Linked: (/home/mohamed/tiago_public_ws/devel/.private/play_motion_msgs/share/roseus/ros/play_motion_msgs/msg/PlayMotionAction.l, /home/mohamed/tiago_public_ws/devel/share/roseus/ros/play_motion_msgs/msg/PlayMotionAction.l)
Linked: (/home/mohamed/tiago_public_ws/devel/.private/play_motion_msgs/share/roseus/ros/play_motion_msgs/srv/ListMotions.l, /home/mohamed/tiago_public_ws/devel/share/roseus/ros/play_motion_msgs/srv/ListMotions.l)
Linked: (/home/mohamed/tiago_public_ws/devel/.private/play_motion_msgs/share/roseus/ros/play_motion_msgs/srv/IsAlreadyThere.l, /home/mohamed/tiago_public_ws/devel/share/roseus/ros/play_motion_msgs/srv/IsAlreadyThere.l)
Linked: (/home/mohamed/tiago_public_ws/devel/.private/play_motion_msgs/include/play_motion_msgs/ListMotionsResponse.h, /home/mohamed/tiago_public_ws/devel/include/play_motion_msgs/ListMotionsResponse.h)
Linked: (/home/mohamed/tiago_public_ws/devel/.private/play_motion_msgs/include/play_motion_msgs/IsAlreadyThere.h, /home/mohamed/tiago_public_ws/devel/include/play_motion_msgs/IsAlreadyThere.h)
Linked: (/home/mohamed/tiago_public_ws/devel/.private/play_motion_msgs/include/play_motion_msgs/PlayMotionActionResult.h, /home/mohamed/tiago_public_ws/devel/include/play_motion_msgs/PlayMotionActionResult.h)
Linked: (/home/mohamed/tiago_public_ws/devel/.private/play_motion_msgs/include/play_motion_msgs/PlayMotionActionFeedback.h, /home/mohamed/tiago_public_ws/devel/include/play_motion_msgs/PlayMotionActionFeedback.h)
Linked: (/home/mohamed/tiago_public_ws/devel/.private/play_motion_msgs/include/play_motion_msgs/PlayMotionActionGoal.h, /home/mohamed/tiago_public_ws/devel/include/play_motion_msgs/PlayMotionActionGoal.h)
Linked: (/home/mohamed/tiago_public_ws/devel/.private/play_motion_msgs/include/play_motion_msgs/PlayMotionGoal.h, /home/mohamed/tiago_public_ws/devel/include/play_motion_msgs/PlayMotionGoal.h)
Linked: (/home/mohamed/tiago_public_ws/devel/.private/play_motion_msgs/include/play_motion_msgs/ListMotionsRequest.h, /home/mohamed/tiago_public_ws/devel/include/play_motion_msgs/ListMotionsRequest.h)
Linked: (/home/mohamed/tiago_public_ws/devel/.private/play_motion_msgs/include/play_motion_msgs/ListMotions.h, /home/mohamed/tiago_public_ws/devel/include/play_motion_msgs/ListMotions.h)
Linked: (/home/mohamed/tiago_public_ws/devel/.private/play_motion_msgs/include/play_motion_msgs/PlayMotionFeedback.h, /home/mohamed/tiago_public_ws/devel/include/play_motion_msgs/PlayMotionFeedback.h)
Linked: (/home/mohamed/tiago_public_ws/devel/.private/play_motion_msgs/include/play_motion_msgs/IsAlreadyThereResponse.h, /home/mohamed/tiago_public_ws/devel/include/play_motion_msgs/IsAlreadyThereResponse.h)
Linked: (/home/mohamed/tiago_public_ws/devel/.private/play_motion_msgs/include/play_motion_msgs/MotionInfo.h, /home/mohamed/tiago_public_ws/devel/include/play_motion_msgs/MotionInfo.h)
Linked: (/home/mohamed/tiago_public_ws/devel/.private/play_motion_msgs/include/play_motion_msgs/PlayMotionResult.h, /home/mohamed/tiago_public_ws/devel/include/play_motion_msgs/PlayMotionResult.h)
Linked: (/home/mohamed/tiago_public_ws/devel/.private/play_motion_msgs/include/play_motion_msgs/IsAlreadyThereRequest.h, /home/mohamed/tiago_public_ws/devel/include/play_motion_msgs/IsAlreadyThereRequest.h)
Linked: (/home/mohamed/tiago_public_ws/devel/.private/play_motion_msgs/include/play_motion_msgs/PlayMotionAction.h, /home/mohamed/tiago_public_ws/devel/include/play_motion_msgs/PlayMotionAction.h)
