Determining if the pthread_create exist failed with the following output:
Change Dir: /home/mohamed/tiago_public_ws/build/controller_manager/CMakeFiles/CMakeTmp

Run Build Command:"/usr/bin/make" "cmTC_f39c0/fast"
/usr/bin/make -f CMakeFiles/cmTC_f39c0.dir/build.make CMakeFiles/cmTC_f39c0.dir/build
make[1]: Entering directory '/home/mohamed/tiago_public_ws/build/controller_manager/CMakeFiles/CMakeTmp'
Building C object CMakeFiles/cmTC_f39c0.dir/CheckSymbolExists.c.o
/usr/lib/ccache/cc     -o CMakeFiles/cmTC_f39c0.dir/CheckSymbolExists.c.o   -c /home/mohamed/tiago_public_ws/build/controller_manager/CMakeFiles/CMakeTmp/CheckSymbolExists.c
Linking C executable cmTC_f39c0
/usr/bin/cmake -E cmake_link_script CMakeFiles/cmTC_f39c0.dir/link.txt --verbose=1
/usr/lib/ccache/cc       CMakeFiles/cmTC_f39c0.dir/CheckSymbolExists.c.o  -o cmTC_f39c0 -rdynamic 
CMakeFiles/cmTC_f39c0.dir/CheckSymbolExists.c.o: In function `main':
CheckSymbolExists.c:(.text+0x16): undefined reference to `pthread_create'
collect2: error: ld returned 1 exit status
CMakeFiles/cmTC_f39c0.dir/build.make:97: recipe for target 'cmTC_f39c0' failed
make[1]: *** [cmTC_f39c0] Error 1
make[1]: Leaving directory '/home/mohamed/tiago_public_ws/build/controller_manager/CMakeFiles/CMakeTmp'
Makefile:126: recipe for target 'cmTC_f39c0/fast' failed
make: *** [cmTC_f39c0/fast] Error 2

File /home/mohamed/tiago_public_ws/build/controller_manager/CMakeFiles/CMakeTmp/CheckSymbolExists.c:
/* */
#include <pthread.h>

int main(int argc, char** argv)
{
  (void)argv;
#ifndef pthread_create
  return ((int*)(&pthread_create))[argc];
#else
  (void)argc;
  return 0;
#endif
}

Determining if the function pthread_create exists in the pthreads failed with the following output:
Change Dir: /home/mohamed/tiago_public_ws/build/controller_manager/CMakeFiles/CMakeTmp

Run Build Command:"/usr/bin/make" "cmTC_c8edc/fast"
/usr/bin/make -f CMakeFiles/cmTC_c8edc.dir/build.make CMakeFiles/cmTC_c8edc.dir/build
make[1]: Entering directory '/home/mohamed/tiago_public_ws/build/controller_manager/CMakeFiles/CMakeTmp'
Building C object CMakeFiles/cmTC_c8edc.dir/CheckFunctionExists.c.o
/usr/lib/ccache/cc    -DCHECK_FUNCTION_EXISTS=pthread_create   -o CMakeFiles/cmTC_c8edc.dir/CheckFunctionExists.c.o   -c /usr/share/cmake-3.5/Modules/CheckFunctionExists.c
Linking C executable cmTC_c8edc
/usr/bin/cmake -E cmake_link_script CMakeFiles/cmTC_c8edc.dir/link.txt --verbose=1
/usr/lib/ccache/cc   -DCHECK_FUNCTION_EXISTS=pthread_create    CMakeFiles/cmTC_c8edc.dir/CheckFunctionExists.c.o  -o cmTC_c8edc -rdynamic -lpthreads 
/usr/bin/ld: cannot find -lpthreads
collect2: error: ld returned 1 exit status
CMakeFiles/cmTC_c8edc.dir/build.make:97: recipe for target 'cmTC_c8edc' failed
make[1]: *** [cmTC_c8edc] Error 1
make[1]: Leaving directory '/home/mohamed/tiago_public_ws/build/controller_manager/CMakeFiles/CMakeTmp'
Makefile:126: recipe for target 'cmTC_c8edc/fast' failed
make: *** [cmTC_c8edc/fast] Error 2


