Determining if the pthread_create exist failed with the following output:
Change Dir: /home/mohamed/tiago_public_ws/build/pal_statistics/CMakeFiles/CMakeTmp

Run Build Command:"/usr/bin/make" "cmTC_1b36e/fast"
/usr/bin/make -f CMakeFiles/cmTC_1b36e.dir/build.make CMakeFiles/cmTC_1b36e.dir/build
make[1]: Entering directory '/home/mohamed/tiago_public_ws/build/pal_statistics/CMakeFiles/CMakeTmp'
Building C object CMakeFiles/cmTC_1b36e.dir/CheckSymbolExists.c.o
/usr/lib/ccache/cc     -o CMakeFiles/cmTC_1b36e.dir/CheckSymbolExists.c.o   -c /home/mohamed/tiago_public_ws/build/pal_statistics/CMakeFiles/CMakeTmp/CheckSymbolExists.c
Linking C executable cmTC_1b36e
/usr/bin/cmake -E cmake_link_script CMakeFiles/cmTC_1b36e.dir/link.txt --verbose=1
/usr/lib/ccache/cc       CMakeFiles/cmTC_1b36e.dir/CheckSymbolExists.c.o  -o cmTC_1b36e -rdynamic 
CMakeFiles/cmTC_1b36e.dir/CheckSymbolExists.c.o: In function `main':
CheckSymbolExists.c:(.text+0x16): undefined reference to `pthread_create'
collect2: error: ld returned 1 exit status
CMakeFiles/cmTC_1b36e.dir/build.make:97: recipe for target 'cmTC_1b36e' failed
make[1]: *** [cmTC_1b36e] Error 1
make[1]: Leaving directory '/home/mohamed/tiago_public_ws/build/pal_statistics/CMakeFiles/CMakeTmp'
Makefile:126: recipe for target 'cmTC_1b36e/fast' failed
make: *** [cmTC_1b36e/fast] Error 2

File /home/mohamed/tiago_public_ws/build/pal_statistics/CMakeFiles/CMakeTmp/CheckSymbolExists.c:
/* */
#include <pthread.h>

int main(int argc, char** argv)
{
  (void)argv;
#ifndef pthread_create
  return ((int*)(&pthread_create))[argc];
#else
  (void)argc;
  return 0;
#endif
}

Determining if the function pthread_create exists in the pthreads failed with the following output:
Change Dir: /home/mohamed/tiago_public_ws/build/pal_statistics/CMakeFiles/CMakeTmp

Run Build Command:"/usr/bin/make" "cmTC_f401e/fast"
/usr/bin/make -f CMakeFiles/cmTC_f401e.dir/build.make CMakeFiles/cmTC_f401e.dir/build
make[1]: Entering directory '/home/mohamed/tiago_public_ws/build/pal_statistics/CMakeFiles/CMakeTmp'
Building C object CMakeFiles/cmTC_f401e.dir/CheckFunctionExists.c.o
/usr/lib/ccache/cc    -DCHECK_FUNCTION_EXISTS=pthread_create   -o CMakeFiles/cmTC_f401e.dir/CheckFunctionExists.c.o   -c /usr/share/cmake-3.5/Modules/CheckFunctionExists.c
Linking C executable cmTC_f401e
/usr/bin/cmake -E cmake_link_script CMakeFiles/cmTC_f401e.dir/link.txt --verbose=1
/usr/lib/ccache/cc   -DCHECK_FUNCTION_EXISTS=pthread_create    CMakeFiles/cmTC_f401e.dir/CheckFunctionExists.c.o  -o cmTC_f401e -rdynamic -lpthreads 
/usr/bin/ld: cannot find -lpthreads
collect2: error: ld returned 1 exit status
CMakeFiles/cmTC_f401e.dir/build.make:97: recipe for target 'cmTC_f401e' failed
make[1]: *** [cmTC_f401e] Error 1
make[1]: Leaving directory '/home/mohamed/tiago_public_ws/build/pal_statistics/CMakeFiles/CMakeTmp'
Makefile:126: recipe for target 'cmTC_f401e/fast' failed
make: *** [cmTC_f401e/fast] Error 2


