[35m[1mScanning dependencies of target default_robot_hw_sim[0m
[ 12%] [32mBuilding CXX object CMakeFiles/default_robot_hw_sim.dir/src/default_robot_hw_sim.cpp.o[0m
[ 25%] [32mBuilding CXX object CMakeFiles/default_robot_hw_sim.dir/src/internal/joint_state.cpp.o[0m
[ 37%] [32mBuilding CXX object CMakeFiles/default_robot_hw_sim.dir/src/internal/position_joint.cpp.o[0m
[ 50%] [32mBuilding CXX object CMakeFiles/default_robot_hw_sim.dir/src/internal/velocity_joint.cpp.o[0m
[35m[1mScanning dependencies of target gazebo_ros_control[0m
[ 62%] [32mBuilding CXX object CMakeFiles/default_robot_hw_sim.dir/src/internal/effort_joint.cpp.o[0m
[ 75%] [32mBuilding CXX object CMakeFiles/gazebo_ros_control.dir/src/gazebo_ros_control_plugin.cpp.o[0m
In file included from /home/mohamed/tiago_public_ws/src/ros_control/hardware_interface/include/hardware_interface/robot_hw.h:35:0,
                 from /home/mohamed/tiago_public_ws/src/gazebo_ros_pkgs/gazebo_ros_control/src/internal/joint_state.cpp:36:
/home/mohamed/tiago_public_ws/src/ros_control/hardware_interface/include/hardware_interface/internal/interface_manager.h: In instantiation of ‘static char (& hardware_interface::CheckIsResourceManager<T>::callCM(std::vector<C*>&, C*, typename C::resource_manager_type*))[1] [with C = hardware_interface::JointStateInterface; T = hardware_interface::JointStateInterface; hardware_interface::CheckIsResourceManager<T>::yes = char [1]; typename C::resource_manager_type = hardware_interface::ResourceManager<hardware_interface::JointStateHandle>]’:
/home/mohamed/tiago_public_ws/src/ros_control/hardware_interface/include/hardware_interface/internal/interface_manager.h:83:14:   required from ‘static const void hardware_interface::CheckIsResourceManager<T>::callConcatManagers(std::vector<T*>&, T*) [with T = hardware_interface::JointStateInterface]’
/home/mohamed/tiago_public_ws/src/ros_control/hardware_interface/include/hardware_interface/internal/interface_manager.h:200:54:   required from ‘T* hardware_interface::InterfaceManager::get() [with T = hardware_interface::JointStateInterface]’
/home/mohamed/tiago_public_ws/src/gazebo_ros_pkgs/gazebo_ros_control/src/internal/joint_state.cpp:83:78:   required from here
/home/mohamed/tiago_public_ws/src/ros_control/hardware_interface/include/hardware_interface/internal/interface_manager.h:73:9: warning: reference to local variable ‘tmp_yes’ returned [-Wreturn-local-addr]
     yes tmp_yes;
         ^
In file included from /home/mohamed/tiago_public_ws/src/ros_control/hardware_interface/include/hardware_interface/robot_hw.h:35:0,
                 from /home/mohamed/tiago_public_ws/src/gazebo_ros_pkgs/gazebo_ros_control/src/internal/position_joint.cpp:37:
/home/mohamed/tiago_public_ws/src/ros_control/hardware_interface/include/hardware_interface/internal/interface_manager.h: In instantiation of ‘static char (& hardware_interface::CheckIsResourceManager<T>::callCM(std::vector<C*>&, C*, typename C::resource_manager_type*))[1] [with C = hardware_interface::JointStateInterface; T = hardware_interface::JointStateInterface; hardware_interface::CheckIsResourceManager<T>::yes = char [1]; typename C::resource_manager_type = hardware_interface::ResourceManager<hardware_interface::JointStateHandle>]’:
/home/mohamed/tiago_public_ws/src/ros_control/hardware_interface/include/hardware_interface/internal/interface_manager.h:83:14:   required from ‘static const void hardware_interface::CheckIsResourceManager<T>::callConcatManagers(std::vector<T*>&, T*) [with T = hardware_interface::JointStateInterface]’
/home/mohamed/tiago_public_ws/src/ros_control/hardware_interface/include/hardware_interface/internal/interface_manager.h:200:54:   required from ‘T* hardware_interface::InterfaceManager::get() [with T = hardware_interface::JointStateInterface]’
/home/mohamed/tiago_public_ws/src/gazebo_ros_pkgs/gazebo_ros_control/src/internal/position_joint.cpp:84:78:   required from here
/home/mohamed/tiago_public_ws/src/ros_control/hardware_interface/include/hardware_interface/internal/interface_manager.h:73:9: warning: reference to local variable ‘tmp_yes’ returned [-Wreturn-local-addr]
     yes tmp_yes;
         ^
/home/mohamed/tiago_public_ws/src/ros_control/hardware_interface/include/hardware_interface/internal/interface_manager.h: In instantiation of ‘static char (& hardware_interface::CheckIsResourceManager<T>::callCM(std::vector<C*>&, C*, typename C::resource_manager_type*))[1] [with C = hardware_interface::PositionJointInterface; T = hardware_interface::PositionJointInterface; hardware_interface::CheckIsResourceManager<T>::yes = char [1]; typename C::resource_manager_type = hardware_interface::ResourceManager<hardware_interface::JointHandle>]’:
/home/mohamed/tiago_public_ws/src/ros_control/hardware_interface/include/hardware_interface/internal/interface_manager.h:83:14:   required from ‘static const void hardware_interface::CheckIsResourceManager<T>::callConcatManagers(std::vector<T*>&, T*) [with T = hardware_interface::PositionJointInterface]’
/home/mohamed/tiago_public_ws/src/ros_control/hardware_interface/include/hardware_interface/internal/interface_manager.h:200:54:   required from ‘T* hardware_interface::InterfaceManager::get() [with T = hardware_interface::PositionJointInterface]’
/home/mohamed/tiago_public_ws/src/gazebo_ros_pkgs/gazebo_ros_control/src/internal/position_joint.cpp:88:85:   required from here
/home/mohamed/tiago_public_ws/src/ros_control/hardware_interface/include/hardware_interface/internal/interface_manager.h:73:9: warning: reference to local variable ‘tmp_yes’ returned [-Wreturn-local-addr]
In file included from /home/mohamed/tiago_public_ws/src/ros_control/hardware_interface/include/hardware_interface/robot_hw.h:35:0,
                 from /home/mohamed/tiago_public_ws/src/gazebo_ros_pkgs/gazebo_ros_control/src/internal/velocity_joint.cpp:36:
/home/mohamed/tiago_public_ws/src/ros_control/hardware_interface/include/hardware_interface/internal/interface_manager.h: In instantiation of ‘static char (& hardware_interface::CheckIsResourceManager<T>::callCM(std::vector<C*>&, C*, typename C::resource_manager_type*))[1] [with C = hardware_interface::JointStateInterface; T = hardware_interface::JointStateInterface; hardware_interface::CheckIsResourceManager<T>::yes = char [1]; typename C::resource_manager_type = hardware_interface::ResourceManager<hardware_interface::JointStateHandle>]’:
/home/mohamed/tiago_public_ws/src/ros_control/hardware_interface/include/hardware_interface/internal/interface_manager.h:83:14:   required from ‘static const void hardware_interface::CheckIsResourceManager<T>::callConcatManagers(std::vector<T*>&, T*) [with T = hardware_interface::JointStateInterface]’
/home/mohamed/tiago_public_ws/src/ros_control/hardware_interface/include/hardware_interface/internal/interface_manager.h:200:54:   required from ‘T* hardware_interface::InterfaceManager::get() [with T = hardware_interface::JointStateInterface]’
/home/mohamed/tiago_public_ws/src/gazebo_ros_pkgs/gazebo_ros_control/src/internal/velocity_joint.cpp:81:78:   required from here
/home/mohamed/tiago_public_ws/src/ros_control/hardware_interface/include/hardware_interface/internal/interface_manager.h:73:9: warning: reference to local variable ‘tmp_yes’ returned [-Wreturn-local-addr]
     yes tmp_yes;
         ^
/home/mohamed/tiago_public_ws/src/ros_control/hardware_interface/include/hardware_interface/internal/interface_manager.h: In instantiation of ‘static char (& hardware_interface::CheckIsResourceManager<T>::callCM(std::vector<C*>&, C*, typename C::resource_manager_type*))[1] [with C = hardware_interface::VelocityJointInterface; T = hardware_interface::VelocityJointInterface; hardware_interface::CheckIsResourceManager<T>::yes = char [1]; typename C::resource_manager_type = hardware_interface::ResourceManager<hardware_interface::JointHandle>]’:
/home/mohamed/tiago_public_ws/src/ros_control/hardware_interface/include/hardware_interface/internal/interface_manager.h:83:14:   required from ‘static const void hardware_interface::CheckIsResourceManager<T>::callConcatManagers(std::vector<T*>&, T*) [with T = hardware_interface::VelocityJointInterface]’
/home/mohamed/tiago_public_ws/src/ros_control/hardware_interface/include/hardware_interface/internal/interface_manager.h:200:54:   required from ‘T* hardware_interface::InterfaceManager::get() [with T = hardware_interface::VelocityJointInterface]’
/home/mohamed/tiago_public_ws/src/gazebo_ros_pkgs/gazebo_ros_control/src/internal/velocity_joint.cpp:85:85:   required from here
/home/mohamed/tiago_public_ws/src/ros_control/hardware_interface/include/hardware_interface/internal/interface_manager.h:73:9: warning: reference to local variable ‘tmp_yes’ returned [-Wreturn-local-addr]
In file included from /home/mohamed/tiago_public_ws/src/ros_control/hardware_interface/include/hardware_interface/robot_hw.h:35:0,
                 from /home/mohamed/tiago_public_ws/src/gazebo_ros_pkgs/gazebo_ros_control/src/internal/effort_joint.cpp:35:
/home/mohamed/tiago_public_ws/src/ros_control/hardware_interface/include/hardware_interface/internal/interface_manager.h: In instantiation of ‘static char (& hardware_interface::CheckIsResourceManager<T>::callCM(std::vector<C*>&, C*, typename C::resource_manager_type*))[1] [with C = hardware_interface::JointStateInterface; T = hardware_interface::JointStateInterface; hardware_interface::CheckIsResourceManager<T>::yes = char [1]; typename C::resource_manager_type = hardware_interface::ResourceManager<hardware_interface::JointStateHandle>]’:
/home/mohamed/tiago_public_ws/src/ros_control/hardware_interface/include/hardware_interface/internal/interface_manager.h:83:14:   required from ‘static const void hardware_interface::CheckIsResourceManager<T>::callConcatManagers(std::vector<T*>&, T*) [with T = hardware_interface::JointStateInterface]’
/home/mohamed/tiago_public_ws/src/ros_control/hardware_interface/include/hardware_interface/internal/interface_manager.h:200:54:   required from ‘T* hardware_interface::InterfaceManager::get() [with T = hardware_interface::JointStateInterface]’
/home/mohamed/tiago_public_ws/src/gazebo_ros_pkgs/gazebo_ros_control/src/internal/effort_joint.cpp:78:78:   required from here
/home/mohamed/tiago_public_ws/src/ros_control/hardware_interface/include/hardware_interface/internal/interface_manager.h:73:9: warning: reference to local variable ‘tmp_yes’ returned [-Wreturn-local-addr]
     yes tmp_yes;
         ^
/home/mohamed/tiago_public_ws/src/ros_control/hardware_interface/include/hardware_interface/internal/interface_manager.h: In instantiation of ‘static char (& hardware_interface::CheckIsResourceManager<T>::callCM(std::vector<C*>&, C*, typename C::resource_manager_type*))[1] [with C = hardware_interface::EffortJointInterface; T = hardware_interface::EffortJointInterface; hardware_interface::CheckIsResourceManager<T>::yes = char [1]; typename C::resource_manager_type = hardware_interface::ResourceManager<hardware_interface::JointHandle>]’:
/home/mohamed/tiago_public_ws/src/ros_control/hardware_interface/include/hardware_interface/internal/interface_manager.h:83:14:   required from ‘static const void hardware_interface::CheckIsResourceManager<T>::callConcatManagers(std::vector<T*>&, T*) [with T = hardware_interface::EffortJointInterface]’
/home/mohamed/tiago_public_ws/src/ros_control/hardware_interface/include/hardware_interface/internal/interface_manager.h:200:54:   required from ‘T* hardware_interface::InterfaceManager::get() [with T = hardware_interface::EffortJointInterface]’
/home/mohamed/tiago_public_ws/src/gazebo_ros_pkgs/gazebo_ros_control/src/internal/effort_joint.cpp:82:81:   required from here
/home/mohamed/tiago_public_ws/src/ros_control/hardware_interface/include/hardware_interface/internal/interface_manager.h:73:9: warning: reference to local variable ‘tmp_yes’ returned [-Wreturn-local-addr]
In file included from /home/mohamed/tiago_public_ws/src/ros_control/hardware_interface/include/hardware_interface/robot_hw.h:35:0,
                 from /home/mohamed/tiago_public_ws/src/ros_control/transmission_interface/include/transmission_interface/transmission_interface_loader.h:57,
                 from /home/mohamed/tiago_public_ws/src/gazebo_ros_pkgs/gazebo_ros_control/src/default_robot_hw_sim.cpp:48:
/home/mohamed/tiago_public_ws/src/ros_control/hardware_interface/include/hardware_interface/internal/interface_manager.h: In instantiation of ‘static char (& hardware_interface::CheckIsResourceManager<T>::callCM(std::vector<C*>&, C*, typename C::resource_manager_type*))[1] [with C = hardware_interface::JointModeInterface; T = hardware_interface::JointModeInterface; hardware_interface::CheckIsResourceManager<T>::yes = char [1]; typename C::resource_manager_type = hardware_interface::ResourceManager<hardware_interface::JointModeHandle>]’:
/home/mohamed/tiago_public_ws/src/ros_control/hardware_interface/include/hardware_interface/internal/interface_manager.h:83:14:   required from ‘static const void hardware_interface::CheckIsResourceManager<T>::callConcatManagers(std::vector<T*>&, T*) [with T = hardware_interface::JointModeInterface]’
/home/mohamed/tiago_public_ws/src/ros_control/hardware_interface/include/hardware_interface/internal/interface_manager.h:200:54:   required from ‘T* hardware_interface::InterfaceManager::get() [with T = hardware_interface::JointModeInterface]’
/home/mohamed/tiago_public_ws/src/gazebo_ros_pkgs/gazebo_ros_control/src/default_robot_hw_sim.cpp:229:57:   required from here
/home/mohamed/tiago_public_ws/src/ros_control/hardware_interface/include/hardware_interface/internal/interface_manager.h:73:9: warning: reference to local variable ‘tmp_yes’ returned [-Wreturn-local-addr]
     yes tmp_yes;
         ^
[ 87%] [32m[1mLinking CXX shared library /home/mohamed/tiago_public_ws/devel/.private/gazebo_ros_control/lib/libdefault_robot_hw_sim.so[0m
[ 87%] Built target default_robot_hw_sim
[100%] [32m[1mLinking CXX shared library /home/mohamed/tiago_public_ws/devel/.private/gazebo_ros_control/lib/libgazebo_ros_control.so[0m
[100%] Built target gazebo_ros_control
