Determining if the pthread_create exist failed with the following output:
Change Dir: /home/mohamed/tiago_public_ws/build/gazebo_ros/CMakeFiles/CMakeTmp

Run Build Command:"/usr/bin/make" "cmTC_04d06/fast"
/usr/bin/make -f CMakeFiles/cmTC_04d06.dir/build.make CMakeFiles/cmTC_04d06.dir/build
make[1]: Entering directory '/home/mohamed/tiago_public_ws/build/gazebo_ros/CMakeFiles/CMakeTmp'
Building C object CMakeFiles/cmTC_04d06.dir/CheckSymbolExists.c.o
/usr/lib/ccache/cc     -o CMakeFiles/cmTC_04d06.dir/CheckSymbolExists.c.o   -c /home/mohamed/tiago_public_ws/build/gazebo_ros/CMakeFiles/CMakeTmp/CheckSymbolExists.c
Linking C executable cmTC_04d06
/usr/bin/cmake -E cmake_link_script CMakeFiles/cmTC_04d06.dir/link.txt --verbose=1
/usr/lib/ccache/cc       CMakeFiles/cmTC_04d06.dir/CheckSymbolExists.c.o  -o cmTC_04d06 -rdynamic 
CMakeFiles/cmTC_04d06.dir/CheckSymbolExists.c.o: In function `main':
CheckSymbolExists.c:(.text+0x16): undefined reference to `pthread_create'
collect2: error: ld returned 1 exit status
CMakeFiles/cmTC_04d06.dir/build.make:97: recipe for target 'cmTC_04d06' failed
make[1]: *** [cmTC_04d06] Error 1
make[1]: Leaving directory '/home/mohamed/tiago_public_ws/build/gazebo_ros/CMakeFiles/CMakeTmp'
Makefile:126: recipe for target 'cmTC_04d06/fast' failed
make: *** [cmTC_04d06/fast] Error 2

File /home/mohamed/tiago_public_ws/build/gazebo_ros/CMakeFiles/CMakeTmp/CheckSymbolExists.c:
/* */
#include <pthread.h>

int main(int argc, char** argv)
{
  (void)argv;
#ifndef pthread_create
  return ((int*)(&pthread_create))[argc];
#else
  (void)argc;
  return 0;
#endif
}

Determining if the function pthread_create exists in the pthreads failed with the following output:
Change Dir: /home/mohamed/tiago_public_ws/build/gazebo_ros/CMakeFiles/CMakeTmp

Run Build Command:"/usr/bin/make" "cmTC_1bc51/fast"
/usr/bin/make -f CMakeFiles/cmTC_1bc51.dir/build.make CMakeFiles/cmTC_1bc51.dir/build
make[1]: Entering directory '/home/mohamed/tiago_public_ws/build/gazebo_ros/CMakeFiles/CMakeTmp'
Building C object CMakeFiles/cmTC_1bc51.dir/CheckFunctionExists.c.o
/usr/lib/ccache/cc    -DCHECK_FUNCTION_EXISTS=pthread_create   -o CMakeFiles/cmTC_1bc51.dir/CheckFunctionExists.c.o   -c /usr/share/cmake-3.5/Modules/CheckFunctionExists.c
Linking C executable cmTC_1bc51
/usr/bin/cmake -E cmake_link_script CMakeFiles/cmTC_1bc51.dir/link.txt --verbose=1
/usr/lib/ccache/cc   -DCHECK_FUNCTION_EXISTS=pthread_create    CMakeFiles/cmTC_1bc51.dir/CheckFunctionExists.c.o  -o cmTC_1bc51 -rdynamic -lpthreads 
/usr/bin/ld: cannot find -lpthreads
collect2: error: ld returned 1 exit status
CMakeFiles/cmTC_1bc51.dir/build.make:97: recipe for target 'cmTC_1bc51' failed
make[1]: *** [cmTC_1bc51] Error 1
make[1]: Leaving directory '/home/mohamed/tiago_public_ws/build/gazebo_ros/CMakeFiles/CMakeTmp'
Makefile:126: recipe for target 'cmTC_1bc51/fast' failed
make: *** [cmTC_1bc51/fast] Error 2


