Linked: (/home/mohamed/tiago_public_ws/devel/.private/controller_manager_msgs/lib/pkgconfig/controller_manager_msgs.pc, /home/mohamed/tiago_public_ws/devel/lib/pkgconfig/controller_manager_msgs.pc)
Linked: (/home/mohamed/tiago_public_ws/devel/.private/controller_manager_msgs/lib/python2.7/dist-packages/controller_manager_msgs/__init__.py, /home/mohamed/tiago_public_ws/devel/lib/python2.7/dist-packages/controller_manager_msgs/__init__.py)
Linked: (/home/mohamed/tiago_public_ws/devel/.private/controller_manager_msgs/lib/python2.7/dist-packages/controller_manager_msgs/msg/_ControllerState.py, /home/mohamed/tiago_public_ws/devel/lib/python2.7/dist-packages/controller_manager_msgs/msg/_ControllerState.py)
Linked: (/home/mohamed/tiago_public_ws/devel/.private/controller_manager_msgs/lib/python2.7/dist-packages/controller_manager_msgs/msg/_ControllersStatistics.py, /home/mohamed/tiago_public_ws/devel/lib/python2.7/dist-packages/controller_manager_msgs/msg/_ControllersStatistics.py)
Linked: (/home/mohamed/tiago_public_ws/devel/.private/controller_manager_msgs/lib/python2.7/dist-packages/controller_manager_msgs/msg/_HardwareInterfaceResources.py, /home/mohamed/tiago_public_ws/devel/lib/python2.7/dist-packages/controller_manager_msgs/msg/_HardwareInterfaceResources.py)
Linked: (/home/mohamed/tiago_public_ws/devel/.private/controller_manager_msgs/lib/python2.7/dist-packages/controller_manager_msgs/msg/_ControllerStatistics.py, /home/mohamed/tiago_public_ws/devel/lib/python2.7/dist-packages/controller_manager_msgs/msg/_ControllerStatistics.py)
Linked: (/home/mohamed/tiago_public_ws/devel/.private/controller_manager_msgs/lib/python2.7/dist-packages/controller_manager_msgs/msg/__init__.py, /home/mohamed/tiago_public_ws/devel/lib/python2.7/dist-packages/controller_manager_msgs/msg/__init__.py)
Linked: (/home/mohamed/tiago_public_ws/devel/.private/controller_manager_msgs/lib/python2.7/dist-packages/controller_manager_msgs/srv/_ReloadControllerLibraries.py, /home/mohamed/tiago_public_ws/devel/lib/python2.7/dist-packages/controller_manager_msgs/srv/_ReloadControllerLibraries.py)
Linked: (/home/mohamed/tiago_public_ws/devel/.private/controller_manager_msgs/lib/python2.7/dist-packages/controller_manager_msgs/srv/_ListControllers.py, /home/mohamed/tiago_public_ws/devel/lib/python2.7/dist-packages/controller_manager_msgs/srv/_ListControllers.py)
Linked: (/home/mohamed/tiago_public_ws/devel/.private/controller_manager_msgs/lib/python2.7/dist-packages/controller_manager_msgs/srv/_ListControllerTypes.py, /home/mohamed/tiago_public_ws/devel/lib/python2.7/dist-packages/controller_manager_msgs/srv/_ListControllerTypes.py)
Linked: (/home/mohamed/tiago_public_ws/devel/.private/controller_manager_msgs/lib/python2.7/dist-packages/controller_manager_msgs/srv/_LoadController.py, /home/mohamed/tiago_public_ws/devel/lib/python2.7/dist-packages/controller_manager_msgs/srv/_LoadController.py)
Linked: (/home/mohamed/tiago_public_ws/devel/.private/controller_manager_msgs/lib/python2.7/dist-packages/controller_manager_msgs/srv/__init__.py, /home/mohamed/tiago_public_ws/devel/lib/python2.7/dist-packages/controller_manager_msgs/srv/__init__.py)
Linked: (/home/mohamed/tiago_public_ws/devel/.private/controller_manager_msgs/lib/python2.7/dist-packages/controller_manager_msgs/srv/_UnloadController.py, /home/mohamed/tiago_public_ws/devel/lib/python2.7/dist-packages/controller_manager_msgs/srv/_UnloadController.py)
Linked: (/home/mohamed/tiago_public_ws/devel/.private/controller_manager_msgs/lib/python2.7/dist-packages/controller_manager_msgs/srv/_SwitchController.py, /home/mohamed/tiago_public_ws/devel/lib/python2.7/dist-packages/controller_manager_msgs/srv/_SwitchController.py)
Linked: (/home/mohamed/tiago_public_ws/devel/.private/controller_manager_msgs/share/common-lisp/ros/controller_manager_msgs/msg/_package_ControllerState.lisp, /home/mohamed/tiago_public_ws/devel/share/common-lisp/ros/controller_manager_msgs/msg/_package_ControllerState.lisp)
Linked: (/home/mohamed/tiago_public_ws/devel/.private/controller_manager_msgs/share/common-lisp/ros/controller_manager_msgs/msg/_package_HardwareInterfaceResources.lisp, /home/mohamed/tiago_public_ws/devel/share/common-lisp/ros/controller_manager_msgs/msg/_package_HardwareInterfaceResources.lisp)
Linked: (/home/mohamed/tiago_public_ws/devel/.private/controller_manager_msgs/share/common-lisp/ros/controller_manager_msgs/msg/controller_manager_msgs-msg.asd, /home/mohamed/tiago_public_ws/devel/share/common-lisp/ros/controller_manager_msgs/msg/controller_manager_msgs-msg.asd)
Linked: (/home/mohamed/tiago_public_ws/devel/.private/controller_manager_msgs/share/common-lisp/ros/controller_manager_msgs/msg/ControllerState.lisp, /home/mohamed/tiago_public_ws/devel/share/common-lisp/ros/controller_manager_msgs/msg/ControllerState.lisp)
Linked: (/home/mohamed/tiago_public_ws/devel/.private/controller_manager_msgs/share/common-lisp/ros/controller_manager_msgs/msg/_package_ControllersStatistics.lisp, /home/mohamed/tiago_public_ws/devel/share/common-lisp/ros/controller_manager_msgs/msg/_package_ControllersStatistics.lisp)
Linked: (/home/mohamed/tiago_public_ws/devel/.private/controller_manager_msgs/share/common-lisp/ros/controller_manager_msgs/msg/_package.lisp, /home/mohamed/tiago_public_ws/devel/share/common-lisp/ros/controller_manager_msgs/msg/_package.lisp)
Linked: (/home/mohamed/tiago_public_ws/devel/.private/controller_manager_msgs/share/common-lisp/ros/controller_manager_msgs/msg/HardwareInterfaceResources.lisp, /home/mohamed/tiago_public_ws/devel/share/common-lisp/ros/controller_manager_msgs/msg/HardwareInterfaceResources.lisp)
Linked: (/home/mohamed/tiago_public_ws/devel/.private/controller_manager_msgs/share/common-lisp/ros/controller_manager_msgs/msg/ControllersStatistics.lisp, /home/mohamed/tiago_public_ws/devel/share/common-lisp/ros/controller_manager_msgs/msg/ControllersStatistics.lisp)
Linked: (/home/mohamed/tiago_public_ws/devel/.private/controller_manager_msgs/share/common-lisp/ros/controller_manager_msgs/msg/_package_ControllerStatistics.lisp, /home/mohamed/tiago_public_ws/devel/share/common-lisp/ros/controller_manager_msgs/msg/_package_ControllerStatistics.lisp)
Linked: (/home/mohamed/tiago_public_ws/devel/.private/controller_manager_msgs/share/common-lisp/ros/controller_manager_msgs/msg/ControllerStatistics.lisp, /home/mohamed/tiago_public_ws/devel/share/common-lisp/ros/controller_manager_msgs/msg/ControllerStatistics.lisp)
Linked: (/home/mohamed/tiago_public_ws/devel/.private/controller_manager_msgs/share/common-lisp/ros/controller_manager_msgs/srv/ReloadControllerLibraries.lisp, /home/mohamed/tiago_public_ws/devel/share/common-lisp/ros/controller_manager_msgs/srv/ReloadControllerLibraries.lisp)
Linked: (/home/mohamed/tiago_public_ws/devel/.private/controller_manager_msgs/share/common-lisp/ros/controller_manager_msgs/srv/controller_manager_msgs-srv.asd, /home/mohamed/tiago_public_ws/devel/share/common-lisp/ros/controller_manager_msgs/srv/controller_manager_msgs-srv.asd)
Linked: (/home/mohamed/tiago_public_ws/devel/.private/controller_manager_msgs/share/common-lisp/ros/controller_manager_msgs/srv/_package_ListControllerTypes.lisp, /home/mohamed/tiago_public_ws/devel/share/common-lisp/ros/controller_manager_msgs/srv/_package_ListControllerTypes.lisp)
Linked: (/home/mohamed/tiago_public_ws/devel/.private/controller_manager_msgs/share/common-lisp/ros/controller_manager_msgs/srv/SwitchController.lisp, /home/mohamed/tiago_public_ws/devel/share/common-lisp/ros/controller_manager_msgs/srv/SwitchController.lisp)
Linked: (/home/mohamed/tiago_public_ws/devel/.private/controller_manager_msgs/share/common-lisp/ros/controller_manager_msgs/srv/UnloadController.lisp, /home/mohamed/tiago_public_ws/devel/share/common-lisp/ros/controller_manager_msgs/srv/UnloadController.lisp)
Linked: (/home/mohamed/tiago_public_ws/devel/.private/controller_manager_msgs/share/common-lisp/ros/controller_manager_msgs/srv/ListControllerTypes.lisp, /home/mohamed/tiago_public_ws/devel/share/common-lisp/ros/controller_manager_msgs/srv/ListControllerTypes.lisp)
Linked: (/home/mohamed/tiago_public_ws/devel/.private/controller_manager_msgs/share/common-lisp/ros/controller_manager_msgs/srv/ListControllers.lisp, /home/mohamed/tiago_public_ws/devel/share/common-lisp/ros/controller_manager_msgs/srv/ListControllers.lisp)
Linked: (/home/mohamed/tiago_public_ws/devel/.private/controller_manager_msgs/share/common-lisp/ros/controller_manager_msgs/srv/_package_SwitchController.lisp, /home/mohamed/tiago_public_ws/devel/share/common-lisp/ros/controller_manager_msgs/srv/_package_SwitchController.lisp)
Linked: (/home/mohamed/tiago_public_ws/devel/.private/controller_manager_msgs/share/common-lisp/ros/controller_manager_msgs/srv/_package_LoadController.lisp, /home/mohamed/tiago_public_ws/devel/share/common-lisp/ros/controller_manager_msgs/srv/_package_LoadController.lisp)
Linked: (/home/mohamed/tiago_public_ws/devel/.private/controller_manager_msgs/share/common-lisp/ros/controller_manager_msgs/srv/LoadController.lisp, /home/mohamed/tiago_public_ws/devel/share/common-lisp/ros/controller_manager_msgs/srv/LoadController.lisp)
Linked: (/home/mohamed/tiago_public_ws/devel/.private/controller_manager_msgs/share/common-lisp/ros/controller_manager_msgs/srv/_package.lisp, /home/mohamed/tiago_public_ws/devel/share/common-lisp/ros/controller_manager_msgs/srv/_package.lisp)
Linked: (/home/mohamed/tiago_public_ws/devel/.private/controller_manager_msgs/share/common-lisp/ros/controller_manager_msgs/srv/_package_UnloadController.lisp, /home/mohamed/tiago_public_ws/devel/share/common-lisp/ros/controller_manager_msgs/srv/_package_UnloadController.lisp)
Linked: (/home/mohamed/tiago_public_ws/devel/.private/controller_manager_msgs/share/common-lisp/ros/controller_manager_msgs/srv/_package_ListControllers.lisp, /home/mohamed/tiago_public_ws/devel/share/common-lisp/ros/controller_manager_msgs/srv/_package_ListControllers.lisp)
Linked: (/home/mohamed/tiago_public_ws/devel/.private/controller_manager_msgs/share/common-lisp/ros/controller_manager_msgs/srv/_package_ReloadControllerLibraries.lisp, /home/mohamed/tiago_public_ws/devel/share/common-lisp/ros/controller_manager_msgs/srv/_package_ReloadControllerLibraries.lisp)
Linked: (/home/mohamed/tiago_public_ws/devel/.private/controller_manager_msgs/share/gennodejs/ros/controller_manager_msgs/_index.js, /home/mohamed/tiago_public_ws/devel/share/gennodejs/ros/controller_manager_msgs/_index.js)
Linked: (/home/mohamed/tiago_public_ws/devel/.private/controller_manager_msgs/share/gennodejs/ros/controller_manager_msgs/msg/ControllerStatistics.js, /home/mohamed/tiago_public_ws/devel/share/gennodejs/ros/controller_manager_msgs/msg/ControllerStatistics.js)
Linked: (/home/mohamed/tiago_public_ws/devel/.private/controller_manager_msgs/share/gennodejs/ros/controller_manager_msgs/msg/ControllerState.js, /home/mohamed/tiago_public_ws/devel/share/gennodejs/ros/controller_manager_msgs/msg/ControllerState.js)
Linked: (/home/mohamed/tiago_public_ws/devel/.private/controller_manager_msgs/share/gennodejs/ros/controller_manager_msgs/msg/HardwareInterfaceResources.js, /home/mohamed/tiago_public_ws/devel/share/gennodejs/ros/controller_manager_msgs/msg/HardwareInterfaceResources.js)
Linked: (/home/mohamed/tiago_public_ws/devel/.private/controller_manager_msgs/share/gennodejs/ros/controller_manager_msgs/msg/ControllersStatistics.js, /home/mohamed/tiago_public_ws/devel/share/gennodejs/ros/controller_manager_msgs/msg/ControllersStatistics.js)
Linked: (/home/mohamed/tiago_public_ws/devel/.private/controller_manager_msgs/share/gennodejs/ros/controller_manager_msgs/msg/_index.js, /home/mohamed/tiago_public_ws/devel/share/gennodejs/ros/controller_manager_msgs/msg/_index.js)
Linked: (/home/mohamed/tiago_public_ws/devel/.private/controller_manager_msgs/share/gennodejs/ros/controller_manager_msgs/srv/ListControllers.js, /home/mohamed/tiago_public_ws/devel/share/gennodejs/ros/controller_manager_msgs/srv/ListControllers.js)
Linked: (/home/mohamed/tiago_public_ws/devel/.private/controller_manager_msgs/share/gennodejs/ros/controller_manager_msgs/srv/ListControllerTypes.js, /home/mohamed/tiago_public_ws/devel/share/gennodejs/ros/controller_manager_msgs/srv/ListControllerTypes.js)
Linked: (/home/mohamed/tiago_public_ws/devel/.private/controller_manager_msgs/share/gennodejs/ros/controller_manager_msgs/srv/UnloadController.js, /home/mohamed/tiago_public_ws/devel/share/gennodejs/ros/controller_manager_msgs/srv/UnloadController.js)
Linked: (/home/mohamed/tiago_public_ws/devel/.private/controller_manager_msgs/share/gennodejs/ros/controller_manager_msgs/srv/SwitchController.js, /home/mohamed/tiago_public_ws/devel/share/gennodejs/ros/controller_manager_msgs/srv/SwitchController.js)
Linked: (/home/mohamed/tiago_public_ws/devel/.private/controller_manager_msgs/share/gennodejs/ros/controller_manager_msgs/srv/LoadController.js, /home/mohamed/tiago_public_ws/devel/share/gennodejs/ros/controller_manager_msgs/srv/LoadController.js)
Linked: (/home/mohamed/tiago_public_ws/devel/.private/controller_manager_msgs/share/gennodejs/ros/controller_manager_msgs/srv/_index.js, /home/mohamed/tiago_public_ws/devel/share/gennodejs/ros/controller_manager_msgs/srv/_index.js)
Linked: (/home/mohamed/tiago_public_ws/devel/.private/controller_manager_msgs/share/gennodejs/ros/controller_manager_msgs/srv/ReloadControllerLibraries.js, /home/mohamed/tiago_public_ws/devel/share/gennodejs/ros/controller_manager_msgs/srv/ReloadControllerLibraries.js)
Linked: (/home/mohamed/tiago_public_ws/devel/.private/controller_manager_msgs/share/controller_manager_msgs/cmake/controller_manager_msgs-msg-paths.cmake, /home/mohamed/tiago_public_ws/devel/share/controller_manager_msgs/cmake/controller_manager_msgs-msg-paths.cmake)
Linked: (/home/mohamed/tiago_public_ws/devel/.private/controller_manager_msgs/share/controller_manager_msgs/cmake/controller_manager_msgsConfig-version.cmake, /home/mohamed/tiago_public_ws/devel/share/controller_manager_msgs/cmake/controller_manager_msgsConfig-version.cmake)
Linked: (/home/mohamed/tiago_public_ws/devel/.private/controller_manager_msgs/share/controller_manager_msgs/cmake/controller_manager_msgs-msg-extras.cmake, /home/mohamed/tiago_public_ws/devel/share/controller_manager_msgs/cmake/controller_manager_msgs-msg-extras.cmake)
Linked: (/home/mohamed/tiago_public_ws/devel/.private/controller_manager_msgs/share/controller_manager_msgs/cmake/controller_manager_msgsConfig.cmake, /home/mohamed/tiago_public_ws/devel/share/controller_manager_msgs/cmake/controller_manager_msgsConfig.cmake)
Linked: (/home/mohamed/tiago_public_ws/devel/.private/controller_manager_msgs/share/roseus/ros/controller_manager_msgs/manifest.l, /home/mohamed/tiago_public_ws/devel/share/roseus/ros/controller_manager_msgs/manifest.l)
Linked: (/home/mohamed/tiago_public_ws/devel/.private/controller_manager_msgs/share/roseus/ros/controller_manager_msgs/msg/ControllerState.l, /home/mohamed/tiago_public_ws/devel/share/roseus/ros/controller_manager_msgs/msg/ControllerState.l)
Linked: (/home/mohamed/tiago_public_ws/devel/.private/controller_manager_msgs/share/roseus/ros/controller_manager_msgs/msg/ControllerStatistics.l, /home/mohamed/tiago_public_ws/devel/share/roseus/ros/controller_manager_msgs/msg/ControllerStatistics.l)
Linked: (/home/mohamed/tiago_public_ws/devel/.private/controller_manager_msgs/share/roseus/ros/controller_manager_msgs/msg/ControllersStatistics.l, /home/mohamed/tiago_public_ws/devel/share/roseus/ros/controller_manager_msgs/msg/ControllersStatistics.l)
Linked: (/home/mohamed/tiago_public_ws/devel/.private/controller_manager_msgs/share/roseus/ros/controller_manager_msgs/msg/HardwareInterfaceResources.l, /home/mohamed/tiago_public_ws/devel/share/roseus/ros/controller_manager_msgs/msg/HardwareInterfaceResources.l)
Linked: (/home/mohamed/tiago_public_ws/devel/.private/controller_manager_msgs/share/roseus/ros/controller_manager_msgs/srv/LoadController.l, /home/mohamed/tiago_public_ws/devel/share/roseus/ros/controller_manager_msgs/srv/LoadController.l)
Linked: (/home/mohamed/tiago_public_ws/devel/.private/controller_manager_msgs/share/roseus/ros/controller_manager_msgs/srv/ListControllers.l, /home/mohamed/tiago_public_ws/devel/share/roseus/ros/controller_manager_msgs/srv/ListControllers.l)
Linked: (/home/mohamed/tiago_public_ws/devel/.private/controller_manager_msgs/share/roseus/ros/controller_manager_msgs/srv/UnloadController.l, /home/mohamed/tiago_public_ws/devel/share/roseus/ros/controller_manager_msgs/srv/UnloadController.l)
Linked: (/home/mohamed/tiago_public_ws/devel/.private/controller_manager_msgs/share/roseus/ros/controller_manager_msgs/srv/ReloadControllerLibraries.l, /home/mohamed/tiago_public_ws/devel/share/roseus/ros/controller_manager_msgs/srv/ReloadControllerLibraries.l)
Linked: (/home/mohamed/tiago_public_ws/devel/.private/controller_manager_msgs/share/roseus/ros/controller_manager_msgs/srv/ListControllerTypes.l, /home/mohamed/tiago_public_ws/devel/share/roseus/ros/controller_manager_msgs/srv/ListControllerTypes.l)
Linked: (/home/mohamed/tiago_public_ws/devel/.private/controller_manager_msgs/share/roseus/ros/controller_manager_msgs/srv/SwitchController.l, /home/mohamed/tiago_public_ws/devel/share/roseus/ros/controller_manager_msgs/srv/SwitchController.l)
Linked: (/home/mohamed/tiago_public_ws/devel/.private/controller_manager_msgs/include/controller_manager_msgs/ReloadControllerLibraries.h, /home/mohamed/tiago_public_ws/devel/include/controller_manager_msgs/ReloadControllerLibraries.h)
Linked: (/home/mohamed/tiago_public_ws/devel/.private/controller_manager_msgs/include/controller_manager_msgs/SwitchControllerRequest.h, /home/mohamed/tiago_public_ws/devel/include/controller_manager_msgs/SwitchControllerRequest.h)
Linked: (/home/mohamed/tiago_public_ws/devel/.private/controller_manager_msgs/include/controller_manager_msgs/SwitchController.h, /home/mohamed/tiago_public_ws/devel/include/controller_manager_msgs/SwitchController.h)
Linked: (/home/mohamed/tiago_public_ws/devel/.private/controller_manager_msgs/include/controller_manager_msgs/ListControllersRequest.h, /home/mohamed/tiago_public_ws/devel/include/controller_manager_msgs/ListControllersRequest.h)
Linked: (/home/mohamed/tiago_public_ws/devel/.private/controller_manager_msgs/include/controller_manager_msgs/UnloadController.h, /home/mohamed/tiago_public_ws/devel/include/controller_manager_msgs/UnloadController.h)
Linked: (/home/mohamed/tiago_public_ws/devel/.private/controller_manager_msgs/include/controller_manager_msgs/ReloadControllerLibrariesRequest.h, /home/mohamed/tiago_public_ws/devel/include/controller_manager_msgs/ReloadControllerLibrariesRequest.h)
Linked: (/home/mohamed/tiago_public_ws/devel/.private/controller_manager_msgs/include/controller_manager_msgs/LoadControllerResponse.h, /home/mohamed/tiago_public_ws/devel/include/controller_manager_msgs/LoadControllerResponse.h)
Linked: (/home/mohamed/tiago_public_ws/devel/.private/controller_manager_msgs/include/controller_manager_msgs/UnloadControllerResponse.h, /home/mohamed/tiago_public_ws/devel/include/controller_manager_msgs/UnloadControllerResponse.h)
Linked: (/home/mohamed/tiago_public_ws/devel/.private/controller_manager_msgs/include/controller_manager_msgs/LoadController.h, /home/mohamed/tiago_public_ws/devel/include/controller_manager_msgs/LoadController.h)
Linked: (/home/mohamed/tiago_public_ws/devel/.private/controller_manager_msgs/include/controller_manager_msgs/ControllerState.h, /home/mohamed/tiago_public_ws/devel/include/controller_manager_msgs/ControllerState.h)
Linked: (/home/mohamed/tiago_public_ws/devel/.private/controller_manager_msgs/include/controller_manager_msgs/SwitchControllerResponse.h, /home/mohamed/tiago_public_ws/devel/include/controller_manager_msgs/SwitchControllerResponse.h)
Linked: (/home/mohamed/tiago_public_ws/devel/.private/controller_manager_msgs/include/controller_manager_msgs/ListControllersResponse.h, /home/mohamed/tiago_public_ws/devel/include/controller_manager_msgs/ListControllersResponse.h)
Linked: (/home/mohamed/tiago_public_ws/devel/.private/controller_manager_msgs/include/controller_manager_msgs/ListControllers.h, /home/mohamed/tiago_public_ws/devel/include/controller_manager_msgs/ListControllers.h)
Linked: (/home/mohamed/tiago_public_ws/devel/.private/controller_manager_msgs/include/controller_manager_msgs/HardwareInterfaceResources.h, /home/mohamed/tiago_public_ws/devel/include/controller_manager_msgs/HardwareInterfaceResources.h)
Linked: (/home/mohamed/tiago_public_ws/devel/.private/controller_manager_msgs/include/controller_manager_msgs/ControllersStatistics.h, /home/mohamed/tiago_public_ws/devel/include/controller_manager_msgs/ControllersStatistics.h)
Linked: (/home/mohamed/tiago_public_ws/devel/.private/controller_manager_msgs/include/controller_manager_msgs/ReloadControllerLibrariesResponse.h, /home/mohamed/tiago_public_ws/devel/include/controller_manager_msgs/ReloadControllerLibrariesResponse.h)
Linked: (/home/mohamed/tiago_public_ws/devel/.private/controller_manager_msgs/include/controller_manager_msgs/UnloadControllerRequest.h, /home/mohamed/tiago_public_ws/devel/include/controller_manager_msgs/UnloadControllerRequest.h)
Linked: (/home/mohamed/tiago_public_ws/devel/.private/controller_manager_msgs/include/controller_manager_msgs/ListControllerTypesResponse.h, /home/mohamed/tiago_public_ws/devel/include/controller_manager_msgs/ListControllerTypesResponse.h)
Linked: (/home/mohamed/tiago_public_ws/devel/.private/controller_manager_msgs/include/controller_manager_msgs/ListControllerTypesRequest.h, /home/mohamed/tiago_public_ws/devel/include/controller_manager_msgs/ListControllerTypesRequest.h)
Linked: (/home/mohamed/tiago_public_ws/devel/.private/controller_manager_msgs/include/controller_manager_msgs/LoadControllerRequest.h, /home/mohamed/tiago_public_ws/devel/include/controller_manager_msgs/LoadControllerRequest.h)
Linked: (/home/mohamed/tiago_public_ws/devel/.private/controller_manager_msgs/include/controller_manager_msgs/ListControllerTypes.h, /home/mohamed/tiago_public_ws/devel/include/controller_manager_msgs/ListControllerTypes.h)
Linked: (/home/mohamed/tiago_public_ws/devel/.private/controller_manager_msgs/include/controller_manager_msgs/ControllerStatistics.h, /home/mohamed/tiago_public_ws/devel/include/controller_manager_msgs/ControllerStatistics.h)
