[36m--[0m Using CATKIN_DEVEL_PREFIX: /home/mohamed/tiago_public_ws/devel/.private/aruco_ros
[36m--[0m Using CMAKE_PREFIX_PATH: /home/mohamed/tiago_public_ws/devel;/opt/ros/kinetic
[36m--[0m This workspace overlays: /home/mohamed/tiago_public_ws/devel;/opt/ros/kinetic
[36m--[0m Found PythonInterp: /usr/bin/python2 (found suitable version "2.7.12", minimum required is "2")
[36m--[0m Using PYTHON_EXECUTABLE: /usr/bin/python2
[36m--[0m Using Debian Python package layout
[36m--[0m Using empy: /usr/bin/empy
[36m--[0m Using CATKIN_ENABLE_TESTING: 0
[36m--[0m catkin 0.7.20
[36m--[0m BUILD_SHARED_LIBS is on
[36m--[0m Using these message generators: gencpp;geneus;genlisp;gennodejs;genpy
[36m--[0m Found PythonInterp: /usr/bin/python2 (found version "2.7.12")
[31m[1mCMake Error[0m at /home/mohamed/tiago_public_ws/src/aruco_ros/aruco_ros/CMakeLists.txt:43 (add_dependencies):
  Cannot add target-level dependencies to non-existent target "single".

  The add_dependencies works for top-level logical targets created by the
  add_executable, add_library, or add_custom_target commands.  If you want to
  add file-level dependencies see the DEPENDS option of the add_custom_target
  and add_custom_command commands.


[31m[1mCMake Error[0m at /home/mohamed/tiago_public_ws/src/aruco_ros/aruco_ros/CMakeLists.txt:44 (target_link_libraries):
  Cannot specify link libraries for target "single" which is not built by
  this project.


[36m--[0m Configuring incomplete, errors occurred!
See also "/home/mohamed/tiago_public_ws/build/aruco_ros/CMakeFiles/CMakeOutput.log".
Makefile:1261: recipe for target 'cmake_check_build_system' failed
make: *** [cmake_check_build_system] Error 1
