[  8%] Built target aruco_ros_gencfg
[  8%] Built target actionlib_msgs_generate_messages_lisp
[ 25%] Built target aruco_ros_utils
[ 25%] Built target visualization_msgs_generate_messages_nodejs
[ 25%] Built target visualization_msgs_generate_messages_lisp
[ 25%] Built target visualization_msgs_generate_messages_cpp
[ 25%] Built target aruco_msgs_generate_messages_py
[ 25%] Built target aruco_msgs_generate_messages_nodejs
[ 25%] Built target aruco_msgs_generate_messages_lisp
[ 25%] Built target aruco_msgs_generate_messages_eus
[ 25%] Built target tf2_msgs_generate_messages_nodejs
[ 25%] Built target tf2_msgs_generate_messages_lisp
[ 25%] Built target tf2_msgs_generate_messages_eus
[ 25%] Built target tf2_msgs_generate_messages_cpp
[ 25%] Built target actionlib_msgs_generate_messages_py
[ 25%] Built target tf2_msgs_generate_messages_py
[ 25%] Built target actionlib_msgs_generate_messages_nodejs
[ 25%] Built target visualization_msgs_generate_messages_py
[ 25%] Built target dynamic_reconfigure_generate_messages_py
[ 25%] Built target actionlib_generate_messages_eus
[ 25%] Built target visualization_msgs_generate_messages_eus
[ 25%] Built target dynamic_reconfigure_generate_messages_nodejs
[ 25%] Built target std_msgs_generate_messages_py
[ 25%] Built target dynamic_reconfigure_generate_messages_eus
[ 25%] Built target roscpp_generate_messages_eus
[ 25%] Built target dynamic_reconfigure_generate_messages_cpp
[ 25%] Built target std_msgs_generate_messages_eus
[ 25%] Built target dynamic_reconfigure_generate_messages_lisp
[ 25%] Built target roscpp_generate_messages_lisp
[ 25%] Built target geometry_msgs_generate_messages_nodejs
[ 25%] Built target sensor_msgs_generate_messages_nodejs
[ 25%] Built target geometry_msgs_generate_messages_cpp
[ 25%] Built target sensor_msgs_generate_messages_cpp
[ 25%] Built target std_msgs_generate_messages_nodejs
[ 25%] Built target geometry_msgs_generate_messages_py
[ 25%] Built target tf_generate_messages_cpp
[ 25%] Built target geometry_msgs_generate_messages_eus
[ 25%] Built target roscpp_generate_messages_cpp
[ 25%] Built target std_msgs_generate_messages_lisp
[ 25%] Built target geometry_msgs_generate_messages_lisp
[ 25%] Built target sensor_msgs_generate_messages_lisp
[ 25%] Built target rosgraph_msgs_generate_messages_cpp
[ 25%] Built target dynamic_reconfigure_gencfg
[ 25%] Built target roscpp_generate_messages_nodejs
[ 25%] Built target tf_generate_messages_lisp
[ 25%] Built target rosgraph_msgs_generate_messages_lisp
[ 25%] Built target rosgraph_msgs_generate_messages_py
[ 25%] Built target tf_generate_messages_eus
[ 25%] Built target rosgraph_msgs_generate_messages_nodejs
[ 25%] Built target rosgraph_msgs_generate_messages_eus
[ 25%] Built target roscpp_generate_messages_py
[ 25%] Built target tf_generate_messages_nodejs
[ 25%] Built target sensor_msgs_generate_messages_py
[ 25%] Built target tf_generate_messages_py
[ 25%] Built target actionlib_generate_messages_cpp
[ 25%] Built target actionlib_generate_messages_lisp
[ 25%] Built target actionlib_msgs_generate_messages_eus
[ 25%] Built target sensor_msgs_generate_messages_eus
[ 25%] Built target std_msgs_generate_messages_cpp
[ 25%] Built target actionlib_msgs_generate_messages_cpp
[ 25%] Built target actionlib_generate_messages_nodejs
[ 25%] Built target aruco_msgs_generate_messages_cpp
[ 25%] Built target actionlib_generate_messages_py
[35m[1mScanning dependencies of target single[0m
[ 50%] Built target double
[ 75%] Built target marker_publisher
[ 83%] [32mBuilding CXX object CMakeFiles/single.dir/src/simple_single.cpp.o[0m
[ 91%] [32m[1mLinking CXX executable /home/mohamed/tiago_public_ws/devel/.private/aruco_ros/lib/aruco_ros/single[0m
[100%] Built target single
